

Microchip Technology PIC18 LITE Macro Assembler V1.42 build -159332390 
                                                                                               Sun Aug 16 02:37:23 2020

Microchip Technology Omniscient Code Generator v1.42 (Free mode) build 201704130522
     1                           	processor	18F4620
     2                           	fnconf	rparam,??,?,0
     3                           	opt	pw 120
     4                           	opt	lm
     5                           	psect	smallconst,global,reloc=2,class=SMALLCONST,delta=1,noexec
     6                           	psect	cinit,global,reloc=2,class=CODE,delta=1
     7                           	psect	bssCOMRAM,global,class=COMRAM,space=1,delta=1,noexec
     8                           	psect	cstackCOMRAM,global,class=COMRAM,space=1,delta=1,noexec
     9                           	psect	text0,global,reloc=2,class=CODE,delta=1
    10                           	psect	text1,global,reloc=2,class=CODE,delta=1
    11                           	psect	text2,global,reloc=2,class=CODE,delta=1
    12                           	psect	intsave_regs,global,class=BIGRAM,space=1,delta=1,noexec
    13                           	psect	rparam,global,class=COMRAM,space=1,delta=1,noexec
    14  0000                     
    15                           ; Version 1.42
    16                           ; Generated 13/04/2017 GMT
    17                           ; 
    18                           ; Copyright © 2017, Microchip Technology Inc. and its subsidiaries ("Microchip")
    19                           ; All rights reserved.
    20                           ; 
    21                           ; This software is developed by Microchip Technology Inc. and its subsidiaries ("Microch
      +                          ip").
    22                           ; 
    23                           ; Redistribution and use in source and binary forms, with or without modification, are
    24                           ; permitted provided that the following conditions are met:
    25                           ; 
    26                           ;     1. Redistributions of source code must retain the above copyright notice, this lis
      +                          t of
    27                           ;        conditions and the following disclaimer.
    28                           ; 
    29                           ;     2. Redistributions in binary form must reproduce the above copyright notice, this 
      +                          list
    30                           ;        of conditions and the following disclaimer in the documentation and/or other
    31                           ;        materials provided with the distribution.
    32                           ; 
    33                           ;     3. Microchip's name may not be used to endorse or promote products derived from th
      +                          is
    34                           ;        software without specific prior written permission.
    35                           ; 
    36                           ; THIS SOFTWARE IS PROVIDED BY MICROCHIP "AS IS" AND ANY EXPRESS OR IMPLIED WARRANTIES,
    37                           ; INCLUDING, BUT NOT LIMITED TO, THE IMPLIED WARRANTIES OF MERCHANTABILITY AND FITNESS F
      +                          OR
    38                           ; PURPOSE ARE DISCLAIMED.  IN NO EVENT SHALL MICROCHIP BE LIABLE FOR ANY DIRECT, INDIREC
      +                          T,
    39                           ; INCIDENTAL, SPECIAL, EXEMPLARY, OR CONSEQUENTIAL DAMAGES (INCLUDING BUT NOT LIMITED TO
    40                           ; PROCUREMENT OF SUBSTITUTE GOODS OR SERVICES; LOSS OF USE, DATA OR PROFITS; OR BUSINESS
    41                           ; INTERRUPTION) HOWSOEVER CAUSED AND ON ANY THEORY OF LIABILITY, WHETHER IN CONTRACT, ST
      +                          RICT
    42                           ; LIABILITY, OR TORT (INCLUDING NEGLIGENCE OR OTHERWISE) ARISING IN ANY WAY OUT OF THE U
      +                          SE OF
    43                           ; THIS SOFTWARE, EVEN IF ADVISED OF THE POSSIBILITY OF SUCH DAMAGE.
    44                           ; 
    45                           ; 
    46                           ; Code-generator required, PIC18F4620 Definitions
    47                           ; 
    48                           ; SFR Addresses
    49  0000                     
    50                           	psect	smallconst
    51  001000                     __psmallconst:
    52                           	opt stack 0
    53  001000  00                 	db	0
    54  001001                     _Display7Seg:
    55                           	opt stack 0
    56  001001  3F                 	db	63
    57  001002  06                 	db	6
    58  001003  5B                 	db	91
    59  001004  4F                 	db	79
    60  001005  66                 	db	102
    61  001006  6D                 	db	109
    62  001007  7D                 	db	125
    63  001008  07                 	db	7
    64  001009  7F                 	db	127
    65  00100A  6F                 	db	111
    66  00100B                     __end_of_Display7Seg:
    67                           	opt stack 0
    68  0000                     _LATBbits	set	3978
    69  0000                     _LATD	set	3980
    70  0000                     _TRISD	set	3989
    71  0000                     _TRISC	set	3988
    72  0000                     _TRISB	set	3987
    73  0000                     _TRISA	set	3986
    74  0000                     _PORTD	set	3971
    75  0000                     _PORTC	set	3970
    76  0000                     _PORTB	set	3969
    77  0000                     _PORTA	set	3968
    78  0000                     _ADCON1	set	4033
    79  0000                     _OSCTUNEbits	set	3995
    80  0000                     _OSCCONbits	set	4051
    81                           
    82                           ; #config settings
    83  00100B  00                 	db	0	; dummy byte at the end
    84  0000                     
    85                           	psect	cinit
    86  001144                     __pcinit:
    87                           	opt stack 0
    88  001144                     start_initialization:
    89                           	opt stack 0
    90  001144                     __initialization:
    91                           	opt stack 0
    92                           
    93                           ; Clear objects allocated to COMRAM (5 bytes)
    94  001144  6A05               	clrf	(__pbssCOMRAM+4)& (0+255),c
    95  001146  6A04               	clrf	(__pbssCOMRAM+3)& (0+255),c
    96  001148  6A03               	clrf	(__pbssCOMRAM+2)& (0+255),c
    97  00114A  6A02               	clrf	(__pbssCOMRAM+1)& (0+255),c
    98  00114C  6A01               	clrf	__pbssCOMRAM& (0+255),c
    99  00114E                     end_of_initialization:
   100                           	opt stack 0
   101  00114E                     __end_of__initialization:
   102                           	opt stack 0
   103  00114E  0E00               	movlw	low (__Lsmallconst shr (0+16))
   104  001150  6EF8               	movwf	tblptru,c
   105  001152  0E10               	movlw	high __Lsmallconst
   106  001154  6EF7               	movwf	tblptrh,c
   107  001156  0100               	movlb	0
   108  001158  EF62  F008         	goto	_main	;jump to C main() function
   109                           tblptru	equ	0xFF8
   110                           tblptrh	equ	0xFF7
   111                           
   112                           	psect	bssCOMRAM
   113  000001                     __pbssCOMRAM:
   114                           	opt stack 0
   115  000001                     _Millar:
   116                           	opt stack 0
   117  000001                     	ds	1
   118  000002                     _Centena:
   119                           	opt stack 0
   120  000002                     	ds	1
   121  000003                     _Decena:
   122                           	opt stack 0
   123  000003                     	ds	1
   124  000004                     _Unidad:
   125                           	opt stack 0
   126  000004                     	ds	1
   127  000005                     _i:
   128                           	opt stack 0
   129  000005                     	ds	1
   130                           tblptru	equ	0xFF8
   131                           tblptrh	equ	0xFF7
   132                           
   133                           	psect	cstackCOMRAM
   134  000006                     __pcstackCOMRAM:
   135                           	opt stack 0
   136  000006                     ??_DYSPLAY7SEG_Update:
   137  000006                     
   138                           ; 1 bytes @ 0x0
   139  000006                     	ds	1
   140  000007                     tblptru	equ	0xFF8
   141                           tblptrh	equ	0xFF7
   142                           
   143                           ; 1 bytes @ 0x1
   144 ;;
   145 ;;Main: autosize = 0, tempsize = 0, incstack = 0, save=0
   146 ;;
   147 ;; *************** function _main *****************
   148 ;; Defined at:
   149 ;;		line 46 in file "main.c"
   150 ;; Parameters:    Size  Location     Type
   151 ;;		None
   152 ;; Auto vars:     Size  Location     Type
   153 ;;		None
   154 ;; Return value:  Size  Location     Type
   155 ;;                  1    wreg      void 
   156 ;; Registers used:
   157 ;;		wreg, status,2, status,0, tblptrl, tblptrh, tblptru, prodl, prodh, cstack
   158 ;; Tracked objects:
   159 ;;		On entry : 0/0
   160 ;;		On exit  : 0/0
   161 ;;		Unchanged: 0/0
   162 ;; Data sizes:     COMRAM   BANK0   BANK1   BANK2   BANK3   BANK4   BANK5   BANK6   BANK7   BANK8   BANK9  BANK10  BANK1
      +1  BANK12  BANK13  BANK14  BANK15
   163 ;;      Params:         0       0       0       0       0       0       0       0       0       0       0       0       
      +0       0       0       0       0
   164 ;;      Locals:         0       0       0       0       0       0       0       0       0       0       0       0       
      +0       0       0       0       0
   165 ;;      Temps:          0       0       0       0       0       0       0       0       0       0       0       0       
      +0       0       0       0       0
   166 ;;      Totals:         0       0       0       0       0       0       0       0       0       0       0       0       
      +0       0       0       0       0
   167 ;;Total ram usage:        0 bytes
   168 ;; Hardware stack levels required when called:    1
   169 ;; This function calls:
   170 ;;		_DYSPLAY7SEG_Update
   171 ;;		_MCU_Init
   172 ;; This function is called by:
   173 ;;		Startup code after reset
   174 ;; This function uses a non-reentrant model
   175 ;;
   176                           
   177                           	psect	text0
   178  0010C4                     __ptext0:
   179                           	opt stack 0
   180  0010C4                     _main:
   181                           	opt stack 30
   182                           
   183                           ;main.c: 47: MCU_Init();
   184                           
   185                           ;incstack = 0
   186  0010C4  EC83  F008         	call	_MCU_Init	;wreg free
   187  0010C8                     l732:
   188                           
   189                           ;main.c: 50: DYSPLAY7SEG_Update();
   190  0010C8  EC06  F008         	call	_DYSPLAY7SEG_Update	;wreg free
   191                           
   192                           ;main.c: 52: ++ Unidad ;
   193  0010CC  2A04               	incf	_Unidad,f,c
   194                           
   195                           ;main.c: 53: if( Unidad ==10){
   196  0010CE  0E0A               	movlw	10
   197  0010D0  1804               	xorwf	_Unidad,w,c
   198  0010D2  A4D8               	btfss	status,2,c
   199  0010D4  D7F9               	goto	l732
   200                           
   201                           ;main.c: 54: Unidad =0;
   202  0010D6  0E00               	movlw	0
   203  0010D8  6E04               	movwf	_Unidad,c
   204                           
   205                           ;main.c: 55: ++ Decena ;
   206  0010DA  2A03               	incf	_Decena,f,c
   207                           
   208                           ;main.c: 56: if( Decena ==10){
   209  0010DC  0E0A               	movlw	10
   210  0010DE  1803               	xorwf	_Decena,w,c
   211  0010E0  A4D8               	btfss	status,2,c
   212  0010E2  D7F2               	goto	l732
   213                           
   214                           ;main.c: 57: Decena =0;
   215  0010E4  0E00               	movlw	0
   216  0010E6  6E03               	movwf	_Decena,c
   217                           
   218                           ;main.c: 58: ++ Centena ;
   219  0010E8  2A02               	incf	_Centena,f,c
   220                           
   221                           ;main.c: 59: if(Centena==10){
   222  0010EA  0E0A               	movlw	10
   223  0010EC  1802               	xorwf	_Centena,w,c
   224  0010EE  A4D8               	btfss	status,2,c
   225  0010F0  D7EB               	goto	l732
   226                           
   227                           ;main.c: 60: Centena=0;
   228  0010F2  0E00               	movlw	0
   229  0010F4  6E02               	movwf	_Centena,c
   230                           
   231                           ;main.c: 61: ++Millar;
   232  0010F6  2A01               	incf	_Millar,f,c
   233                           
   234                           ;main.c: 62: if(Millar==10){
   235  0010F8  0E0A               	movlw	10
   236  0010FA  1801               	xorwf	_Millar,w,c
   237  0010FC  A4D8               	btfss	status,2,c
   238  0010FE  D7E4               	goto	l732
   239                           
   240                           ;main.c: 63: Millar=0;
   241  001100  0E00               	movlw	0
   242  001102  6E01               	movwf	_Millar,c
   243  001104  D7E1               	goto	l732
   244  001106                     __end_of_main:
   245                           	opt stack 0
   246                           tblptru	equ	0xFF8
   247                           tblptrh	equ	0xFF7
   248                           status	equ	0xFD8
   249                           
   250 ;; *************** function _MCU_Init *****************
   251 ;; Defined at:
   252 ;;		line 71 in file "main.c"
   253 ;; Parameters:    Size  Location     Type
   254 ;;		None
   255 ;; Auto vars:     Size  Location     Type
   256 ;;		None
   257 ;; Return value:  Size  Location     Type
   258 ;;                  1    wreg      void 
   259 ;; Registers used:
   260 ;;		wreg, status,2
   261 ;; Tracked objects:
   262 ;;		On entry : 0/0
   263 ;;		On exit  : 0/0
   264 ;;		Unchanged: 0/0
   265 ;; Data sizes:     COMRAM   BANK0   BANK1   BANK2   BANK3   BANK4   BANK5   BANK6   BANK7   BANK8   BANK9  BANK10  BANK1
      +1  BANK12  BANK13  BANK14  BANK15
   266 ;;      Params:         0       0       0       0       0       0       0       0       0       0       0       0       
      +0       0       0       0       0
   267 ;;      Locals:         0       0       0       0       0       0       0       0       0       0       0       0       
      +0       0       0       0       0
   268 ;;      Temps:          0       0       0       0       0       0       0       0       0       0       0       0       
      +0       0       0       0       0
   269 ;;      Totals:         0       0       0       0       0       0       0       0       0       0       0       0       
      +0       0       0       0       0
   270 ;;Total ram usage:        0 bytes
   271 ;; Hardware stack levels used:    1
   272 ;; This function calls:
   273 ;;		Nothing
   274 ;; This function is called by:
   275 ;;		_main
   276 ;; This function uses a non-reentrant model
   277 ;;
   278                           
   279                           	psect	text1
   280  001106                     __ptext1:
   281                           	opt stack 0
   282  001106                     _MCU_Init:
   283                           	opt stack 30
   284                           
   285                           ;main.c: 73: OSCCONbits.IRCF=0b110;
   286                           
   287                           ;incstack = 0
   288  001106  50D3               	movf	4051,w,c	;volatile
   289  001108  0B8F               	andlw	-113
   290  00110A  0960               	iorlw	96
   291  00110C  6ED3               	movwf	4051,c	;volatile
   292                           
   293                           ;main.c: 74: OSCTUNEbits.PLLEN = 1;
   294  00110E  8C9B               	bsf	3995,6,c	;volatile
   295                           
   296                           ;main.c: 76: ADCON1=0xFF;
   297  001110  68C1               	setf	4033,c	;volatile
   298                           
   299                           ;main.c: 79: PORTA=0x00;
   300  001112  0E00               	movlw	0
   301  001114  6E80               	movwf	3968,c	;volatile
   302                           
   303                           ;main.c: 80: PORTB=0x00;
   304  001116  0E00               	movlw	0
   305  001118  6E81               	movwf	3969,c	;volatile
   306                           
   307                           ;main.c: 81: PORTC=0x00;
   308  00111A  0E00               	movlw	0
   309  00111C  6E82               	movwf	3970,c	;volatile
   310                           
   311                           ;main.c: 82: PORTD=0x00;
   312  00111E  0E00               	movlw	0
   313  001120  6E83               	movwf	3971,c	;volatile
   314                           
   315                           ;main.c: 85: TRISA=0x00;
   316  001122  0E00               	movlw	0
   317  001124  6E92               	movwf	3986,c	;volatile
   318                           
   319                           ;main.c: 86: TRISB=0x00;
   320  001126  0E00               	movlw	0
   321  001128  6E93               	movwf	3987,c	;volatile
   322                           
   323                           ;main.c: 87: TRISC=0x00;
   324  00112A  0E00               	movlw	0
   325  00112C  6E94               	movwf	3988,c	;volatile
   326                           
   327                           ;main.c: 88: TRISD=0x00;
   328  00112E  0E00               	movlw	0
   329  001130  6E95               	movwf	3989,c	;volatile
   330                           
   331                           ;main.c: 91: Unidad = 0;
   332  001132  0E00               	movlw	0
   333  001134  6E04               	movwf	_Unidad,c
   334                           
   335                           ;main.c: 92: Decena = 0;
   336  001136  0E00               	movlw	0
   337  001138  6E03               	movwf	_Decena,c
   338                           
   339                           ;main.c: 93: Centena = 0;
   340  00113A  0E00               	movlw	0
   341  00113C  6E02               	movwf	_Centena,c
   342                           
   343                           ;main.c: 94: Millar = 0;
   344  00113E  0E00               	movlw	0
   345  001140  6E01               	movwf	_Millar,c
   346  001142  0012               	return		;funcret
   347  001144                     __end_of_MCU_Init:
   348                           	opt stack 0
   349                           tblptru	equ	0xFF8
   350                           tblptrh	equ	0xFF7
   351                           status	equ	0xFD8
   352                           
   353 ;; *************** function _DYSPLAY7SEG_Update *****************
   354 ;; Defined at:
   355 ;;		line 97 in file "main.c"
   356 ;; Parameters:    Size  Location     Type
   357 ;;		None
   358 ;; Auto vars:     Size  Location     Type
   359 ;;		None
   360 ;; Return value:  Size  Location     Type
   361 ;;                  1    wreg      void 
   362 ;; Registers used:
   363 ;;		wreg, status,2, status,0, tblptrl, tblptrh, tblptru, prodl, prodh
   364 ;; Tracked objects:
   365 ;;		On entry : 0/0
   366 ;;		On exit  : 0/0
   367 ;;		Unchanged: 0/0
   368 ;; Data sizes:     COMRAM   BANK0   BANK1   BANK2   BANK3   BANK4   BANK5   BANK6   BANK7   BANK8   BANK9  BANK10  BANK1
      +1  BANK12  BANK13  BANK14  BANK15
   369 ;;      Params:         0       0       0       0       0       0       0       0       0       0       0       0       
      +0       0       0       0       0
   370 ;;      Locals:         0       0       0       0       0       0       0       0       0       0       0       0       
      +0       0       0       0       0
   371 ;;      Temps:          1       0       0       0       0       0       0       0       0       0       0       0       
      +0       0       0       0       0
   372 ;;      Totals:         1       0       0       0       0       0       0       0       0       0       0       0       
      +0       0       0       0       0
   373 ;;Total ram usage:        1 bytes
   374 ;; Hardware stack levels used:    1
   375 ;; This function calls:
   376 ;;		Nothing
   377 ;; This function is called by:
   378 ;;		_main
   379 ;; This function uses a non-reentrant model
   380 ;;
   381                           
   382                           	psect	text2
   383  00100C                     __ptext2:
   384                           	opt stack 0
   385  00100C                     _DYSPLAY7SEG_Update:
   386                           	opt stack 30
   387                           
   388                           ;main.c: 101: for (i =0; i <=5; ++ i){
   389                           
   390                           ;incstack = 0
   391  00100C  0E00               	movlw	0
   392  00100E  6E05               	movwf	_i,c
   393  001010                     l694:
   394  001010  0E05               	movlw	5
   395  001012  6405               	cpfsgt	_i,c
   396  001014  D001               	goto	l698
   397  001016  0012               	return	
   398  001018                     l698:
   399                           
   400                           ;main.c: 103: LATD = Display7Seg [Unidad];
   401  001018  5004               	movf	_Unidad,w,c
   402  00101A  0D01               	mullw	1
   403  00101C  0E01               	movlw	low _Display7Seg
   404  00101E  24F3               	addwf	prodl,w,c
   405  001020  6EF6               	movwf	tblptrl,c
   406  001022  0E10               	movlw	high _Display7Seg
   407  001024  20F4               	addwfc	prodh,w,c
   408  001026  6EF7               	movwf	tblptrh,c
   409  001028                     	if	0	;There are less than 3 active tblptr bytes
   410  001028                     	endif
   411  001028  0008               	tblrd		*
   412  00102A  CFF5 FF8C          	movff	tablat,3980	;volatile
   413                           
   414                           ;main.c: 104: LATBbits.LATB0 = 1;
   415  00102E  808A               	bsf	3978,0,c	;volatile
   416                           
   417                           ;main.c: 105: _delay((unsigned long)((5)*(16000000/4000.0)));
   418  001030  0E1A               	movlw	26
   419  001032  6E06               	movwf	??_DYSPLAY7SEG_Update& (0+255),c
   420  001034  0EF8               	movlw	248
   421  001036                     u77:
   422  001036  2EE8               	decfsz	wreg,f,c
   423  001038  D7FE               	bra	u77
   424  00103A  2E06               	decfsz	??_DYSPLAY7SEG_Update& (0+255),f,c
   425  00103C  D7FC               	bra	u77
   426  00103E  D000               	nop2	
   427                           
   428                           ;main.c: 106: LATBbits.LATB0 = 0;
   429  001040  908A               	bcf	3978,0,c	;volatile
   430                           
   431                           ;main.c: 107: LATD = Display7Seg [Decena];
   432  001042  5003               	movf	_Decena,w,c
   433  001044  0D01               	mullw	1
   434  001046  0E01               	movlw	low _Display7Seg
   435  001048  24F3               	addwf	prodl,w,c
   436  00104A  6EF6               	movwf	tblptrl,c
   437  00104C  0E10               	movlw	high _Display7Seg
   438  00104E  20F4               	addwfc	prodh,w,c
   439  001050  6EF7               	movwf	tblptrh,c
   440  001052                     	if	0	;There are less than 3 active tblptr bytes
   441  001052                     	endif
   442  001052  0008               	tblrd		*
   443  001054  CFF5 FF8C          	movff	tablat,3980	;volatile
   444                           
   445                           ;main.c: 108: LATBbits.LATB1 = 1;
   446  001058  828A               	bsf	3978,1,c	;volatile
   447                           
   448                           ;main.c: 109: _delay((unsigned long)((5)*(16000000/4000.0)));
   449  00105A  0E1A               	movlw	26
   450  00105C  6E06               	movwf	??_DYSPLAY7SEG_Update& (0+255),c
   451  00105E  0EF8               	movlw	248
   452  001060                     u87:
   453  001060  2EE8               	decfsz	wreg,f,c
   454  001062  D7FE               	bra	u87
   455  001064  2E06               	decfsz	??_DYSPLAY7SEG_Update& (0+255),f,c
   456  001066  D7FC               	bra	u87
   457  001068  D000               	nop2	
   458                           
   459                           ;main.c: 110: LATBbits.LATB1 = 0;
   460  00106A  928A               	bcf	3978,1,c	;volatile
   461                           
   462                           ;main.c: 111: LATD = Display7Seg [Centena];
   463  00106C  5002               	movf	_Centena,w,c
   464  00106E  0D01               	mullw	1
   465  001070  0E01               	movlw	low _Display7Seg
   466  001072  24F3               	addwf	prodl,w,c
   467  001074  6EF6               	movwf	tblptrl,c
   468  001076  0E10               	movlw	high _Display7Seg
   469  001078  20F4               	addwfc	prodh,w,c
   470  00107A  6EF7               	movwf	tblptrh,c
   471  00107C                     	if	0	;There are less than 3 active tblptr bytes
   472  00107C                     	endif
   473  00107C  0008               	tblrd		*
   474  00107E  CFF5 FF8C          	movff	tablat,3980	;volatile
   475                           
   476                           ;main.c: 112: LATBbits.LATB2 = 1;
   477  001082  848A               	bsf	3978,2,c	;volatile
   478                           
   479                           ;main.c: 113: _delay((unsigned long)((5)*(16000000/4000.0)));
   480  001084  0E1A               	movlw	26
   481  001086  6E06               	movwf	??_DYSPLAY7SEG_Update& (0+255),c
   482  001088  0EF8               	movlw	248
   483  00108A                     u97:
   484  00108A  2EE8               	decfsz	wreg,f,c
   485  00108C  D7FE               	bra	u97
   486  00108E  2E06               	decfsz	??_DYSPLAY7SEG_Update& (0+255),f,c
   487  001090  D7FC               	bra	u97
   488  001092  D000               	nop2	
   489                           
   490                           ;main.c: 114: LATBbits.LATB2 = 0;
   491  001094  948A               	bcf	3978,2,c	;volatile
   492                           
   493                           ;main.c: 115: LATD = Display7Seg [Millar];
   494  001096  5001               	movf	_Millar,w,c
   495  001098  0D01               	mullw	1
   496  00109A  0E01               	movlw	low _Display7Seg
   497  00109C  24F3               	addwf	prodl,w,c
   498  00109E  6EF6               	movwf	tblptrl,c
   499  0010A0  0E10               	movlw	high _Display7Seg
   500  0010A2  20F4               	addwfc	prodh,w,c
   501  0010A4  6EF7               	movwf	tblptrh,c
   502  0010A6                     	if	0	;There are less than 3 active tblptr bytes
   503  0010A6                     	endif
   504  0010A6  0008               	tblrd		*
   505  0010A8  CFF5 FF8C          	movff	tablat,3980	;volatile
   506                           
   507                           ;main.c: 116: LATBbits.LATB3 = 1;
   508  0010AC  868A               	bsf	3978,3,c	;volatile
   509                           
   510                           ;main.c: 117: _delay((unsigned long)((5)*(16000000/4000.0)));
   511  0010AE  0E1A               	movlw	26
   512  0010B0  6E06               	movwf	??_DYSPLAY7SEG_Update& (0+255),c
   513  0010B2  0EF8               	movlw	248
   514  0010B4                     u107:
   515  0010B4  2EE8               	decfsz	wreg,f,c
   516  0010B6  D7FE               	bra	u107
   517  0010B8  2E06               	decfsz	??_DYSPLAY7SEG_Update& (0+255),f,c
   518  0010BA  D7FC               	bra	u107
   519  0010BC  D000               	nop2	
   520                           
   521                           ;main.c: 118: LATBbits.LATB3 = 0;
   522  0010BE  968A               	bcf	3978,3,c	;volatile
   523  0010C0  2A05               	incf	_i,f,c
   524  0010C2  D7A6               	goto	l694
   525  0010C4                     __end_of_DYSPLAY7SEG_Update:
   526                           	opt stack 0
   527                           tblptru	equ	0xFF8
   528                           tblptrh	equ	0xFF7
   529                           tblptrl	equ	0xFF6
   530                           tablat	equ	0xFF5
   531                           prodh	equ	0xFF4
   532                           prodl	equ	0xFF3
   533                           wreg	equ	0xFE8
   534                           status	equ	0xFD8
   535                           tblptru	equ	0xFF8
   536                           tblptrh	equ	0xFF7
   537                           tblptrl	equ	0xFF6
   538                           tablat	equ	0xFF5
   539                           prodh	equ	0xFF4
   540                           prodl	equ	0xFF3
   541                           wreg	equ	0xFE8
   542                           status	equ	0xFD8
   543                           
   544                           	psect	rparam
   545  0000                     tblptru	equ	0xFF8
   546                           tblptrh	equ	0xFF7
   547                           tblptrl	equ	0xFF6
   548                           tablat	equ	0xFF5
   549                           prodh	equ	0xFF4
   550                           prodl	equ	0xFF3
   551                           wreg	equ	0xFE8
   552                           status	equ	0xFD8


Data Sizes:
    Strings     0
    Constant    10
    Data        0
    BSS         5
    Persistent  0
    Stack       0

Auto Spaces:
    Space          Size  Autos    Used
    COMRAM          127      1       6
    BANK0           128      0       0
    BANK1           256      0       0
    BANK2           256      0       0
    BANK3           256      0       0
    BANK4           256      0       0
    BANK5           256      0       0
    BANK6           256      0       0
    BANK7           256      0       0
    BANK8           256      0       0
    BANK9           256      0       0
    BANK10          256      0       0
    BANK11          256      0       0
    BANK12          256      0       0
    BANK13          256      0       0
    BANK14          256      0       0
    BANK15          128      0       0

Pointer List with Targets:

    None.

Critical Paths under _main in COMRAM

    _main->_DYSPLAY7SEG_Update

Critical Paths under _main in BANK0

    None.

Critical Paths under _main in BANK1

    None.

Critical Paths under _main in BANK2

    None.

Critical Paths under _main in BANK3

    None.

Critical Paths under _main in BANK4

    None.

Critical Paths under _main in BANK5

    None.

Critical Paths under _main in BANK6

    None.

Critical Paths under _main in BANK7

    None.

Critical Paths under _main in BANK8

    None.

Critical Paths under _main in BANK9

    None.

Critical Paths under _main in BANK10

    None.

Critical Paths under _main in BANK11

    None.

Critical Paths under _main in BANK12

    None.

Critical Paths under _main in BANK13

    None.

Critical Paths under _main in BANK14

    None.

Critical Paths under _main in BANK15

    None.

Call Graph Tables:

 ---------------------------------------------------------------------------------
 (Depth) Function   	        Calls       Base Space   Used Autos Params    Refs
 ---------------------------------------------------------------------------------
 (0) _main                                                 0     0      0       0
                 _DYSPLAY7SEG_Update
                           _MCU_Init
 ---------------------------------------------------------------------------------
 (1) _MCU_Init                                             0     0      0       0
 ---------------------------------------------------------------------------------
 (1) _DYSPLAY7SEG_Update                                   1     1      0       0
                                              0 COMRAM     1     1      0
 ---------------------------------------------------------------------------------
 Estimated maximum stack depth 1
 ---------------------------------------------------------------------------------

 Call Graph Graphs:

 _main (ROOT)
   _DYSPLAY7SEG_Update
   _MCU_Init

 Address spaces:
Name               Size   Autos  Total    Cost      Usage
BIGRAM             F7F      0       0      37        0.0%
EEDATA             400      0       0       0        0.0%
BITBANK14          100      0       0      32        0.0%
BANK14             100      0       0      33        0.0%
BITBANK13          100      0       0      30        0.0%
BANK13             100      0       0      31        0.0%
BITBANK12          100      0       0      28        0.0%
BANK12             100      0       0      29        0.0%
BITBANK11          100      0       0      26        0.0%
BANK11             100      0       0      27        0.0%
BITBANK10          100      0       0      24        0.0%
BANK10             100      0       0      25        0.0%
BITBANK9           100      0       0      22        0.0%
BANK9              100      0       0      23        0.0%
BITBANK8           100      0       0      20        0.0%
BANK8              100      0       0      21        0.0%
BITBANK7           100      0       0      18        0.0%
BANK7              100      0       0      19        0.0%
BITBANK6           100      0       0      16        0.0%
BANK6              100      0       0      17        0.0%
BITBANK5           100      0       0      14        0.0%
BANK5              100      0       0      15        0.0%
BITBANK4           100      0       0      12        0.0%
BANK4              100      0       0      13        0.0%
BITBANK3           100      0       0      10        0.0%
BANK3              100      0       0      11        0.0%
BITBANK2           100      0       0       8        0.0%
BANK2              100      0       0       9        0.0%
BITBANK1           100      0       0       6        0.0%
BANK1              100      0       0       7        0.0%
BITBANK15           80      0       0      35        0.0%
BANK15              80      0       0      36        0.0%
BITBANK0            80      0       0       4        0.0%
BANK0               80      0       0       5        0.0%
BITCOMRAM           7F      0       0       0        0.0%
COMRAM              7F      1       6       1        4.7%
BITSFR               0      0       0     200        0.0%
SFR                  0      0       0     200        0.0%
STACK                0      0       0       2        0.0%
NULL                 0      0       0       0        0.0%
ABS                  0      0       6      34        0.0%
DATA                 0      0       6       3        0.0%
CODE                 0      0       0       0        0.0%


Microchip Technology PIC18 Macro Assembler V1.42 build -159332390 
Symbol Table                                                                                   Sun Aug 16 02:37:23 2020

                          _i 0005                           u77 1036                           u87 1060  
                         u97 108A                 __CFG_CP0$OFF 000000                 __CFG_CP1$OFF 000000  
               __CFG_CP2$OFF 000000                 __CFG_CP3$OFF 000000                          l732 10C8  
                        l694 1010                          l698 1018                 __CFG_CPB$OFF 000000  
                        u107 10B4                 __CFG_CPD$OFF 000000                          wreg 000FE8  
               __CFG_IESO$ON 000000                 __CFG_LVP$OFF 000000                 __CFG_WDT$OFF 000000  
                       _LATD 000F8C           _DYSPLAY7SEG_Update 100C                 __CFG_PWRT$ON 000000  
              __CFG_FCMEN$ON 000000                         _main 10C4                         prodh 000FF4  
                       prodl 000FF3                         start 0000          ?_DYSPLAY7SEG_Update 0006  
              __CFG_MCLRE$ON 000000                 ___param_bank 000000          __end_of_Display7Seg 100B  
                      ?_main 0006               __CFG_DEBUG$OFF 000000             __end_of_MCU_Init 1144  
                      _PORTA 000F80                        _PORTB 000F81                        _PORTC 000F82  
                      _PORTD 000F83                        _TRISA 000F92                        _TRISB 000F93  
                      _TRISC 000F94                        _TRISD 000F95         ??_DYSPLAY7SEG_Update 0006  
              __CFG_WRT0$OFF 000000                __CFG_WRT1$OFF 000000                __CFG_WRT3$OFF 000000  
             __CFG_EBTR0$OFF 000000               __CFG_EBTR1$OFF 000000               __CFG_EBTR2$OFF 000000  
             __CFG_EBTR3$OFF 000000                __CFG_WRTB$OFF 000000                __CFG_WRTC$OFF 000000  
              __CFG_WRTD$OFF 000000               __CFG_EBTRB$OFF 000000               __CFG_BOREN$OFF 000000  
                      tablat 000FF5                        status 000FD8              __initialization 1144  
               __end_of_main 1106                       ??_main 0007                __activetblptr 000001  
                     _ADCON1 000FC1                       _Decena 0003                  _Display7Seg 1001  
                     _Millar 0001               __CFG_XINST$OFF 000000                       _Unidad 0004  
               __mediumconst 0000                       tblptrh 000FF7                       tblptrl 000FF6  
                     tblptru 000FF8                   __accesstop 0080      __end_of__initialization 114E  
              ___rparam_used 000001                    ?_MCU_Init 0006               __pcstackCOMRAM 0006  
                 ??_MCU_Init 0006                      _Centena 0002                      __Hparam 0000  
                    __Lparam 0000                 __psmallconst 1000                      __pcinit 1144  
                    __ramtop 1000                      __ptext0 10C4                      __ptext1 1106  
                    __ptext2 100C  __size_of_DYSPLAY7SEG_Update 00B8         end_of_initialization 114E  
          __size_of_MCU_Init 003E          start_initialization 1144             __CFG_OSC$INTIO67 000000  
                __pbssCOMRAM 0001                  __smallconst 1000                     _LATBbits 000F8A  
                   _MCU_Init 1106   __end_of_DYSPLAY7SEG_Update 10C4                     __Hrparam 0000  
                   __Lrparam 0000                 __Lsmallconst 1000                __size_of_main 0042  
                _OSCTUNEbits 000F9B                   _OSCCONbits 000FD3  
