

Microchip Technology PIC LITE Macro Assembler V1.42 build -159332390 
                                                                                               Sun Aug 16 00:11:55 2020

Microchip Technology Omniscient Code Generator v1.42 (Free mode) build 201704130522
     1                           	processor	12F675
     2                           	opt	pw 120
     3                           	opt	lm
     4                           	psect	cinit,global,class=CODE,merge=1,delta=2
     5                           	psect	cstackCOMMON,global,class=COMMON,space=1,delta=1
     6                           	psect	cstackBANK0,global,class=BANK0,space=1,delta=1
     7                           	psect	maintext,global,class=CODE,split=1,delta=2
     8                           	psect	text1,local,class=CODE,merge=1,delta=2
     9                           	dabs	1,0x5E,2
    10  0000                     
    11                           ; Version 1.42
    12                           ; Generated 13/04/2017 GMT
    13                           ; 
    14                           ; Copyright © 2017, Microchip Technology Inc. and its subsidiaries ("Microchip")
    15                           ; All rights reserved.
    16                           ; 
    17                           ; This software is developed by Microchip Technology Inc. and its subsidiaries ("Microch
      +                          ip").
    18                           ; 
    19                           ; Redistribution and use in source and binary forms, with or without modification, are
    20                           ; permitted provided that the following conditions are met:
    21                           ; 
    22                           ;     1. Redistributions of source code must retain the above copyright notice, this lis
      +                          t of
    23                           ;        conditions and the following disclaimer.
    24                           ; 
    25                           ;     2. Redistributions in binary form must reproduce the above copyright notice, this 
      +                          list
    26                           ;        of conditions and the following disclaimer in the documentation and/or other
    27                           ;        materials provided with the distribution.
    28                           ; 
    29                           ;     3. Microchip's name may not be used to endorse or promote products derived from th
      +                          is
    30                           ;        software without specific prior written permission.
    31                           ; 
    32                           ; THIS SOFTWARE IS PROVIDED BY MICROCHIP "AS IS" AND ANY EXPRESS OR IMPLIED WARRANTIES,
    33                           ; INCLUDING, BUT NOT LIMITED TO, THE IMPLIED WARRANTIES OF MERCHANTABILITY AND FITNESS F
      +                          OR
    34                           ; PURPOSE ARE DISCLAIMED.  IN NO EVENT SHALL MICROCHIP BE LIABLE FOR ANY DIRECT, INDIREC
      +                          T,
    35                           ; INCIDENTAL, SPECIAL, EXEMPLARY, OR CONSEQUENTIAL DAMAGES (INCLUDING BUT NOT LIMITED TO
    36                           ; PROCUREMENT OF SUBSTITUTE GOODS OR SERVICES; LOSS OF USE, DATA OR PROFITS; OR BUSINESS
    37                           ; INTERRUPTION) HOWSOEVER CAUSED AND ON ANY THEORY OF LIABILITY, WHETHER IN CONTRACT, ST
      +                          RICT
    38                           ; LIABILITY, OR TORT (INCLUDING NEGLIGENCE OR OTHERWISE) ARISING IN ANY WAY OUT OF THE U
      +                          SE OF
    39                           ; THIS SOFTWARE, EVEN IF ADVISED OF THE POSSIBILITY OF SUCH DAMAGE.
    40                           ; 
    41                           ; 
    42                           ; Code-generator required, PIC12F675 Definitions
    43                           ; 
    44                           ; SFR Addresses
    45  0000                     	;# 
    46  0001                     	;# 
    47  0002                     	;# 
    48  0003                     	;# 
    49  0004                     	;# 
    50  0005                     	;# 
    51  000A                     	;# 
    52  000B                     	;# 
    53  000C                     	;# 
    54  000E                     	;# 
    55  000E                     	;# 
    56  000F                     	;# 
    57  0010                     	;# 
    58  0019                     	;# 
    59  001E                     	;# 
    60  001F                     	;# 
    61  0081                     	;# 
    62  0085                     	;# 
    63  008C                     	;# 
    64  008E                     	;# 
    65  0090                     	;# 
    66  0095                     	;# 
    67  0096                     	;# 
    68  0096                     	;# 
    69  0099                     	;# 
    70  009A                     	;# 
    71  009A                     	;# 
    72  009B                     	;# 
    73  009C                     	;# 
    74  009D                     	;# 
    75  009E                     	;# 
    76  009F                     	;# 
    77  0019                     _CMCONbits	set	25
    78  0005                     _GPIObits	set	5
    79  0085                     _TRISIO	set	133
    80  009F                     _ANSELbits	set	159
    81                           
    82                           ; #config settings
    83  0000                     
    84                           	psect	cinit
    85  03FD                     start_initialization:	
    86  03FD                     __initialization:	
    87  03FD                     end_of_initialization:	
    88                           ;End of C runtime variable initialization code
    89                           
    90  03FD                     __end_of__initialization:	
    91  03FD  0183               	clrf	3
    92  03FE  2BE3               	ljmp	_main	;jump to C main() function
    93                           
    94                           	psect	cstackCOMMON
    95  0000                     __pcstackCOMMON:	
    96  0000                     ??_MCU_Init:	
    97                           
    98                           	psect	cstackBANK0
    99  0020                     __pcstackBANK0:	
   100                           ; 1 bytes @ 0x0
   101                           
   102  0020                     ?_MCU_Init:	
   103  0020                     ?_main:	
   104                           ; 1 bytes @ 0x0
   105                           
   106  0020                     ??_main:	
   107                           ; 1 bytes @ 0x0
   108                           
   109                           
   110                           ; 1 bytes @ 0x0
   111  0020                     	ds	3
   112                           
   113                           	psect	maintext
   114  03E3                     __pmaintext:	
   115 ;;
   116 ;;Main: autosize = 0, tempsize = 3, incstack = 0, save=0
   117 ;;
   118 ;; *************** function _main *****************
   119 ;; Defined at:
   120 ;;		line 36 in file "main.c"
   121 ;; Parameters:    Size  Location     Type
   122 ;;		None
   123 ;; Auto vars:     Size  Location     Type
   124 ;;		None
   125 ;; Return value:  Size  Location     Type
   126 ;;                  1    wreg      void 
   127 ;; Registers used:
   128 ;;		wreg, status,2, status,0, pclath, cstack
   129 ;; Tracked objects:
   130 ;;		On entry : B00/0
   131 ;;		On exit  : 0/0
   132 ;;		Unchanged: 0/0
   133 ;; Data sizes:     COMMON   BANK0
   134 ;;      Params:         0       0
   135 ;;      Locals:         0       0
   136 ;;      Temps:          0       3
   137 ;;      Totals:         0       3
   138 ;;Total ram usage:        3 bytes
   139 ;; Hardware stack levels required when called:    1
   140 ;; This function calls:
   141 ;;		_MCU_Init
   142 ;; This function is called by:
   143 ;;		Startup code after reset
   144 ;; This function uses a non-reentrant model
   145 ;;
   146                           
   147                           
   148                           ;psect for function _main
   149  03E3                     _main:	
   150                           
   151                           ;main.c: 37: MCU_Init();
   152                           
   153                           ;incstack = 0
   154                           ; Regs used in _main: [wreg+status,2+status,0+pclath+cstack]
   155  03E3  23D8               	fcall	_MCU_Init
   156  03E4                     l503:	
   157                           ;main.c: 38: while(1){
   158                           
   159                           
   160                           ;main.c: 39: GPIObits.GP0 ^= 1;
   161  03E4  1283               	bcf	3,5	;RP0=0, select bank0
   162  03E5  0805               	movf	5,w	;volatile
   163  03E6  3901               	andlw	1
   164  03E7  00A0               	movwf	??_main
   165  03E8  3001               	movlw	1
   166  03E9  06A0               	xorwf	??_main,f
   167  03EA  0805               	movf	5,w	;volatile
   168  03EB  0620               	xorwf	??_main,w
   169  03EC  39FE               	andlw	-2
   170  03ED  0620               	xorwf	??_main,w
   171  03EE  0085               	movwf	5	;volatile
   172                           
   173                           ;main.c: 40: _delay((unsigned long)((500)*(4000000/4000.0)));
   174  03EF  3003               	movlw	3
   175  03F0  00A2               	movwf	??_main+2
   176  03F1  308A               	movlw	138
   177  03F2  00A1               	movwf	??_main+1
   178  03F3  3055               	movlw	85
   179  03F4  00A0               	movwf	??_main
   180  03F5                     u17:	
   181  03F5  0BA0               	decfsz	??_main,f
   182  03F6  2BF5               	goto	u17
   183  03F7  0BA1               	decfsz	??_main+1,f
   184  03F8  2BF5               	goto	u17
   185  03F9  0BA2               	decfsz	??_main+2,f
   186  03FA  2BF5               	goto	u17
   187  03FB  2BFC               	nop2
   188  03FC  2BE4               	goto	l503
   189  03FD                     __end_of_main:	
   190                           
   191                           	psect	text1
   192  03D8                     __ptext1:	
   193 ;; *************** function _MCU_Init *****************
   194 ;; Defined at:
   195 ;;		line 44 in file "main.c"
   196 ;; Parameters:    Size  Location     Type
   197 ;;		None
   198 ;; Auto vars:     Size  Location     Type
   199 ;;		None
   200 ;; Return value:  Size  Location     Type
   201 ;;                  1    wreg      void 
   202 ;; Registers used:
   203 ;;		wreg, status,2, status,0
   204 ;; Tracked objects:
   205 ;;		On entry : 0/0
   206 ;;		On exit  : 0/0
   207 ;;		Unchanged: 0/0
   208 ;; Data sizes:     COMMON   BANK0
   209 ;;      Params:         0       0
   210 ;;      Locals:         0       0
   211 ;;      Temps:          0       0
   212 ;;      Totals:         0       0
   213 ;;Total ram usage:        0 bytes
   214 ;; Hardware stack levels used:    1
   215 ;; This function calls:
   216 ;;		Nothing
   217 ;; This function is called by:
   218 ;;		_main
   219 ;; This function uses a non-reentrant model
   220 ;;
   221                           
   222                           
   223                           ;psect for function _MCU_Init
   224  03D8                     _MCU_Init:	
   225                           
   226                           ;main.c: 45: ANSELbits.ANS = 0b0000;
   227                           
   228                           ;incstack = 0
   229                           ; Regs used in _MCU_Init: [wreg+status,2+status,0]
   230  03D8  30F0               	movlw	-16
   231  03D9  1683               	bsf	3,5	;RP0=1, select bank1
   232  03DA  059F               	andwf	31,f	;volatile
   233                           
   234                           ;main.c: 46: CMCONbits.CM = 0b111;
   235  03DB  3007               	movlw	7
   236  03DC  1283               	bcf	3,5	;RP0=0, select bank0
   237  03DD  0499               	iorwf	25,f	;volatile
   238                           
   239                           ;main.c: 47: TRISIO = 0x00;
   240  03DE  1683               	bsf	3,5	;RP0=1, select bank1
   241  03DF  0185               	clrf	5	;volatile
   242                           
   243                           ;main.c: 48: GPIObits.GP0 = 0;
   244  03E0  1283               	bcf	3,5	;RP0=0, select bank0
   245  03E1  1005               	bcf	5,0	;volatile
   246  03E2  0008               	return
   247  03E3                     __end_of_MCU_Init:	
   248  005E                     btemp	set	94	;btemp
   249  005E                     wtemp0	set	94


Data Sizes:
    Strings     0
    Constant    0
    Data        0
    BSS         0
    Persistent  0
    Stack       0

Auto Spaces:
    Space          Size  Autos    Used
    COMMON            0      0       0
    BANK0            62      3       3

Pointer List with Targets:

    None.

Critical Paths under _main in COMMON

    None.

Critical Paths under _main in BANK0

    None.

Call Graph Tables:

 ---------------------------------------------------------------------------------
 (Depth) Function   	        Calls       Base Space   Used Autos Params    Refs
 ---------------------------------------------------------------------------------
 (0) _main                                                 3     3      0       0
                                              0 BANK0      3     3      0
                           _MCU_Init
 ---------------------------------------------------------------------------------
 (1) _MCU_Init                                             0     0      0       0
 ---------------------------------------------------------------------------------
 Estimated maximum stack depth 1
 ---------------------------------------------------------------------------------

 Call Graph Graphs:

 _main (ROOT)
   _MCU_Init

 Address spaces:
Name               Size   Autos  Total    Cost      Usage
BITCOMMON            0      0       0       0        0.0%
EEDATA              80      0       0       0        0.0%
NULL                 0      0       0       0        0.0%
CODE                 0      0       0       0        0.0%
BITSFR0              0      0       0       1        0.0%
SFR0                 0      0       0       1        0.0%
COMMON               0      0       0       1        0.0%
BITSFR1              0      0       0       2        0.0%
SFR1                 0      0       0       2        0.0%
STACK                0      0       0       2        0.0%
BITBANK0            3E      0       0       3        0.0%
BANK0               3E      3       3       4        4.8%
ABS                  0      0       0       5        0.0%
DATA                 0      0       0       6        0.0%


Microchip Technology PIC Macro Assembler V1.42 build -159332390 
Symbol Table                                                                                   Sun Aug 16 00:11:55 2020

            __CFG_CP$OFF 0000                       u17 03F5                      l503 03E4  
           __CFG_CPD$OFF 0000                     _main 03E3                     btemp 005E  
                   start 0000                    ?_main 0020            __CFG_WDTE$OFF 0000  
       __end_of_MCU_Init 03E3           __CFG_BOREN$OFF 0000                    status 0003  
                  wtemp0 005E           __CFG_MCLRE$OFF 0000          __initialization 03FD  
           __end_of_main 03FD                   ??_main 0020                   _TRISIO 0085  
         __CFG_PWRTE$OFF 0000  __end_of__initialization 03FD                ?_MCU_Init 0020  
         __pcstackCOMMON 0000               ??_MCU_Init 0000               __pmaintext 03E3  
              _CMCONbits 0019                _ANSELbits 009F                  __ptext1 03D8  
   end_of_initialization 03FD        __size_of_MCU_Init 000B      start_initialization 03FD  
              ___latbits 0000            __pcstackBANK0 0020                 _GPIObits 0005  
               _MCU_Init 03D8            __size_of_main 001A        __CFG_FOSC$INTRCIO 0000  
