

Microchip Technology PIC18 LITE Macro Assembler V1.42 build -159332390 
                                                                                               Sun Aug 16 01:31:27 2020

Microchip Technology Omniscient Code Generator v1.42 (Free mode) build 201704130522
     1                           	processor	18F25K22
     2                           	fnconf	rparam,??,?,0
     3                           	opt	pw 120
     4                           	opt	lm
     5                           	psect	smallconst,global,reloc=2,class=SMALLCONST,delta=1,noexec
     6                           	psect	cinit,global,reloc=2,class=CODE,delta=1
     7                           	psect	bssCOMRAM,global,class=COMRAM,space=1,delta=1,noexec
     8                           	psect	cstackCOMRAM,global,class=COMRAM,space=1,delta=1,noexec
     9                           	psect	text0,global,reloc=2,class=CODE,delta=1
    10                           	psect	text1,global,reloc=2,class=CODE,delta=1
    11                           	psect	text2,global,reloc=2,class=CODE,delta=1
    12                           	psect	intsave_regs,global,class=BIGRAM,space=1,delta=1,noexec
    13                           	psect	rparam,global,class=COMRAM,space=1,delta=1,noexec
    14  0000                     
    15                           ; Version 1.42
    16                           ; Generated 13/04/2017 GMT
    17                           ; 
    18                           ; Copyright © 2017, Microchip Technology Inc. and its subsidiaries ("Microchip")
    19                           ; All rights reserved.
    20                           ; 
    21                           ; This software is developed by Microchip Technology Inc. and its subsidiaries ("Microch
      +                          ip").
    22                           ; 
    23                           ; Redistribution and use in source and binary forms, with or without modification, are
    24                           ; permitted provided that the following conditions are met:
    25                           ; 
    26                           ;     1. Redistributions of source code must retain the above copyright notice, this lis
      +                          t of
    27                           ;        conditions and the following disclaimer.
    28                           ; 
    29                           ;     2. Redistributions in binary form must reproduce the above copyright notice, this 
      +                          list
    30                           ;        of conditions and the following disclaimer in the documentation and/or other
    31                           ;        materials provided with the distribution.
    32                           ; 
    33                           ;     3. Microchip's name may not be used to endorse or promote products derived from th
      +                          is
    34                           ;        software without specific prior written permission.
    35                           ; 
    36                           ; THIS SOFTWARE IS PROVIDED BY MICROCHIP "AS IS" AND ANY EXPRESS OR IMPLIED WARRANTIES,
    37                           ; INCLUDING, BUT NOT LIMITED TO, THE IMPLIED WARRANTIES OF MERCHANTABILITY AND FITNESS F
      +                          OR
    38                           ; PURPOSE ARE DISCLAIMED.  IN NO EVENT SHALL MICROCHIP BE LIABLE FOR ANY DIRECT, INDIREC
      +                          T,
    39                           ; INCIDENTAL, SPECIAL, EXEMPLARY, OR CONSEQUENTIAL DAMAGES (INCLUDING BUT NOT LIMITED TO
    40                           ; PROCUREMENT OF SUBSTITUTE GOODS OR SERVICES; LOSS OF USE, DATA OR PROFITS; OR BUSINESS
    41                           ; INTERRUPTION) HOWSOEVER CAUSED AND ON ANY THEORY OF LIABILITY, WHETHER IN CONTRACT, ST
      +                          RICT
    42                           ; LIABILITY, OR TORT (INCLUDING NEGLIGENCE OR OTHERWISE) ARISING IN ANY WAY OUT OF THE U
      +                          SE OF
    43                           ; THIS SOFTWARE, EVEN IF ADVISED OF THE POSSIBILITY OF SUCH DAMAGE.
    44                           ; 
    45                           ; 
    46                           ; Code-generator required, PIC18F25K22 Definitions
    47                           ; 
    48                           ; SFR Addresses
    49  0000                     
    50                           	psect	smallconst
    51  000600                     __psmallconst:
    52                           	opt stack 0
    53  000600  00                 	db	0
    54  000601                     _COL:
    55                           	opt stack 0
    56  000601  01                 	db	1
    57  000602  02                 	db	2
    58  000603  04                 	db	4
    59  000604  08                 	db	8
    60  000605  10                 	db	16
    61  000606  20                 	db	32
    62  000607  40                 	db	64
    63  000608  80                 	db	128
    64  000609                     __end_of_COL:
    65                           	opt stack 0
    66  000609                     _ROW:
    67                           	opt stack 0
    68  000609  3C                 	db	60
    69  00060A  42                 	db	66
    70  00060B  81                 	db	129
    71  00060C  A1                 	db	161
    72  00060D  89                 	db	137
    73  00060E  95                 	db	149
    74  00060F  A5                 	db	165
    75  000610  42                 	db	66
    76  000611                     __end_of_ROW:
    77                           	opt stack 0
    78  0000                     _ANSELC	set	3898
    79  0000                     _ANSELB	set	3897
    80  0000                     _ANSELA	set	3896
    81  0000                     _TRISC	set	3988
    82  0000                     _TRISB	set	3987
    83  0000                     _OSCCONbits	set	4051
    84  0000                     _PORTC	set	3970
    85  0000                     _PORTB	set	3969
    86                           
    87                           ; #config settings
    88  000611  00                 	db	0	; dummy byte at the end
    89  0000                     
    90                           	psect	cinit
    91  0006B2                     __pcinit:
    92                           	opt stack 0
    93  0006B2                     start_initialization:
    94                           	opt stack 0
    95  0006B2                     __initialization:
    96                           	opt stack 0
    97                           
    98                           ; Clear objects allocated to COMRAM (1 bytes)
    99  0006B2  6A06               	clrf	__pbssCOMRAM& (0+255),c
   100  0006B4                     end_of_initialization:
   101                           	opt stack 0
   102  0006B4                     __end_of__initialization:
   103                           	opt stack 0
   104  0006B4  0E00               	movlw	low (__Lsmallconst shr (0+16))
   105  0006B6  6EF8               	movwf	tblptru,c
   106  0006B8  0E06               	movlw	high __Lsmallconst
   107  0006BA  6EF7               	movwf	tblptrh,c
   108  0006BC  0100               	movlb	0
   109  0006BE  EF09  F003         	goto	_main	;jump to C main() function
   110                           tblptru	equ	0xFF8
   111                           tblptrh	equ	0xFF7
   112                           
   113                           	psect	bssCOMRAM
   114  000006                     __pbssCOMRAM:
   115                           	opt stack 0
   116  000006                     _x:
   117                           	opt stack 0
   118  000006                     	ds	1
   119                           tblptru	equ	0xFF8
   120                           tblptrh	equ	0xFF7
   121                           
   122                           	psect	cstackCOMRAM
   123  000001                     __pcstackCOMRAM:
   124                           	opt stack 0
   125  000001                     MCU_Delayms@t:
   126                           	opt stack 0
   127                           
   128                           ; 2 bytes @ 0x0
   129  000001                     	ds	2
   130  000003                     ??_MCU_Delayms:
   131                           
   132                           ; 1 bytes @ 0x2
   133  000003                     	ds	1
   134  000004                     MCU_Delayms@acc:
   135                           	opt stack 0
   136                           
   137                           ; 2 bytes @ 0x3
   138  000004                     	ds	2
   139  000006                     tblptru	equ	0xFF8
   140                           tblptrh	equ	0xFF7
   141                           
   142                           ; 1 bytes @ 0x5
   143 ;;
   144 ;;Main: autosize = 0, tempsize = 0, incstack = 0, save=0
   145 ;;
   146 ;; *************** function _main *****************
   147 ;; Defined at:
   148 ;;		line 46 in file "main.c"
   149 ;; Parameters:    Size  Location     Type
   150 ;;		None
   151 ;; Auto vars:     Size  Location     Type
   152 ;;		None
   153 ;; Return value:  Size  Location     Type
   154 ;;                  1    wreg      void 
   155 ;; Registers used:
   156 ;;		wreg, status,2, status,0, tblptrl, tblptrh, tblptru, prodl, prodh, cstack
   157 ;; Tracked objects:
   158 ;;		On entry : 0/0
   159 ;;		On exit  : 0/0
   160 ;;		Unchanged: 0/0
   161 ;; Data sizes:     COMRAM   BANK0   BANK1   BANK2   BANK3   BANK4   BANK5
   162 ;;      Params:         0       0       0       0       0       0       0
   163 ;;      Locals:         0       0       0       0       0       0       0
   164 ;;      Temps:          0       0       0       0       0       0       0
   165 ;;      Totals:         0       0       0       0       0       0       0
   166 ;;Total ram usage:        0 bytes
   167 ;; Hardware stack levels required when called:    1
   168 ;; This function calls:
   169 ;;		_MCU_Delayms
   170 ;;		_MCU_Init
   171 ;; This function is called by:
   172 ;;		Startup code after reset
   173 ;; This function uses a non-reentrant model
   174 ;;
   175                           
   176                           	psect	text0
   177  000612                     __ptext0:
   178                           	opt stack 0
   179  000612                     _main:
   180                           	opt stack 30
   181                           
   182                           ;main.c: 47: MCU_Init();
   183                           
   184                           ;incstack = 0
   185  000612  EC44  F003         	call	_MCU_Init	;wreg free
   186  000616                     l700:
   187                           
   188                           ;main.c: 49: PORTB = ROW[x];
   189  000616  5006               	movf	_x,w,c
   190  000618  0D01               	mullw	1
   191  00061A  0E09               	movlw	low _ROW
   192  00061C  24F3               	addwf	prodl,w,c
   193  00061E  6EF6               	movwf	tblptrl,c
   194  000620  0E06               	movlw	high _ROW
   195  000622  20F4               	addwfc	prodh,w,c
   196  000624  6EF7               	movwf	tblptrh,c
   197  000626                     	if	0	;There are less than 3 active tblptr bytes
   198  000626                     	endif
   199  000626  0008               	tblrd		*
   200  000628  CFF5 FF81          	movff	tablat,3969	;volatile
   201                           
   202                           ;main.c: 50: PORTC = COL[x];
   203  00062C  5006               	movf	_x,w,c
   204  00062E  0D01               	mullw	1
   205  000630  0E01               	movlw	low _COL
   206  000632  24F3               	addwf	prodl,w,c
   207  000634  6EF6               	movwf	tblptrl,c
   208  000636  0E06               	movlw	high _COL
   209  000638  20F4               	addwfc	prodh,w,c
   210  00063A  6EF7               	movwf	tblptrh,c
   211  00063C                     	if	0	;There are less than 3 active tblptr bytes
   212  00063C                     	endif
   213  00063C  0008               	tblrd		*
   214  00063E  CFF5 FF82          	movff	tablat,3970	;volatile
   215                           
   216                           ;main.c: 51: MCU_Delayms(1);
   217  000642  0E00               	movlw	0
   218  000644  6E02               	movwf	MCU_Delayms@t+1,c
   219  000646  0E01               	movlw	1
   220  000648  6E01               	movwf	MCU_Delayms@t,c
   221  00064A  EC2E  F003         	call	_MCU_Delayms	;wreg free
   222                           
   223                           ;main.c: 52: x++;
   224  00064E  2A06               	incf	_x,f,c
   225                           
   226                           ;main.c: 53: if(x>8) x=0;
   227  000650  0E08               	movlw	8
   228  000652  6406               	cpfsgt	_x,c
   229  000654  D7E0               	goto	l700
   230  000656  0E00               	movlw	0
   231  000658  6E06               	movwf	_x,c
   232  00065A  D7DD               	goto	l700
   233  00065C                     __end_of_main:
   234                           	opt stack 0
   235                           tblptru	equ	0xFF8
   236                           tblptrh	equ	0xFF7
   237                           tblptrl	equ	0xFF6
   238                           tablat	equ	0xFF5
   239                           prodh	equ	0xFF4
   240                           prodl	equ	0xFF3
   241                           
   242 ;; *************** function _MCU_Init *****************
   243 ;; Defined at:
   244 ;;		line 58 in file "main.c"
   245 ;; Parameters:    Size  Location     Type
   246 ;;		None
   247 ;; Auto vars:     Size  Location     Type
   248 ;;		None
   249 ;; Return value:  Size  Location     Type
   250 ;;                  1    wreg      void 
   251 ;; Registers used:
   252 ;;		wreg, status,2
   253 ;; Tracked objects:
   254 ;;		On entry : 0/0
   255 ;;		On exit  : 0/0
   256 ;;		Unchanged: 0/0
   257 ;; Data sizes:     COMRAM   BANK0   BANK1   BANK2   BANK3   BANK4   BANK5
   258 ;;      Params:         0       0       0       0       0       0       0
   259 ;;      Locals:         0       0       0       0       0       0       0
   260 ;;      Temps:          0       0       0       0       0       0       0
   261 ;;      Totals:         0       0       0       0       0       0       0
   262 ;;Total ram usage:        0 bytes
   263 ;; Hardware stack levels used:    1
   264 ;; This function calls:
   265 ;;		Nothing
   266 ;; This function is called by:
   267 ;;		_main
   268 ;; This function uses a non-reentrant model
   269 ;;
   270                           
   271                           	psect	text1
   272  000688                     __ptext1:
   273                           	opt stack 0
   274  000688                     _MCU_Init:
   275                           	opt stack 30
   276                           
   277                           ;main.c: 60: ANSELA = 0;
   278                           
   279                           ;incstack = 0
   280  000688  0E00               	movlw	0
   281  00068A  010F               	movlb	15	; () banked
   282  00068C  6F38               	movwf	56,b	;volatile
   283                           
   284                           ;main.c: 61: ANSELB = 0;
   285  00068E  0E00               	movlw	0
   286  000690  010F               	movlb	15	; () banked
   287  000692  6F39               	movwf	57,b	;volatile
   288                           
   289                           ;main.c: 62: ANSELC = 0;
   290  000694  0E00               	movlw	0
   291  000696  010F               	movlb	15	; () banked
   292  000698  6F3A               	movwf	58,b	;volatile
   293                           
   294                           ; BSR set to: 15
   295                           ;main.c: 64: OSCCONbits.IRCF=0b111;
   296  00069A  88D3               	bsf	4051,4,c	;volatile
   297  00069C  8AD3               	bsf	4051,5,c	;volatile
   298  00069E  8CD3               	bsf	4051,6,c	;volatile
   299                           
   300                           ;main.c: 66: TRISB = 0x00;
   301  0006A0  0E00               	movlw	0
   302  0006A2  6E93               	movwf	3987,c	;volatile
   303                           
   304                           ;main.c: 67: TRISC = 0x00;
   305  0006A4  0E00               	movlw	0
   306  0006A6  6E94               	movwf	3988,c	;volatile
   307                           
   308                           ;main.c: 69: PORTB = 0x00;
   309  0006A8  0E00               	movlw	0
   310  0006AA  6E81               	movwf	3969,c	;volatile
   311                           
   312                           ;main.c: 70: PORTC = 0x00;
   313  0006AC  0E00               	movlw	0
   314  0006AE  6E82               	movwf	3970,c	;volatile
   315                           
   316                           ; BSR set to: 15
   317  0006B0  0012               	return		;funcret
   318  0006B2                     __end_of_MCU_Init:
   319                           	opt stack 0
   320                           tblptru	equ	0xFF8
   321                           tblptrh	equ	0xFF7
   322                           tblptrl	equ	0xFF6
   323                           tablat	equ	0xFF5
   324                           prodh	equ	0xFF4
   325                           prodl	equ	0xFF3
   326                           
   327 ;; *************** function _MCU_Delayms *****************
   328 ;; Defined at:
   329 ;;		line 73 in file "main.c"
   330 ;; Parameters:    Size  Location     Type
   331 ;;  t               2    0[COMRAM] unsigned int 
   332 ;; Auto vars:     Size  Location     Type
   333 ;;  acc             2    3[COMRAM] unsigned int 
   334 ;; Return value:  Size  Location     Type
   335 ;;                  1    wreg      void 
   336 ;; Registers used:
   337 ;;		wreg, status,2, status,0
   338 ;; Tracked objects:
   339 ;;		On entry : 0/0
   340 ;;		On exit  : 0/0
   341 ;;		Unchanged: 0/0
   342 ;; Data sizes:     COMRAM   BANK0   BANK1   BANK2   BANK3   BANK4   BANK5
   343 ;;      Params:         2       0       0       0       0       0       0
   344 ;;      Locals:         2       0       0       0       0       0       0
   345 ;;      Temps:          1       0       0       0       0       0       0
   346 ;;      Totals:         5       0       0       0       0       0       0
   347 ;;Total ram usage:        5 bytes
   348 ;; Hardware stack levels used:    1
   349 ;; This function calls:
   350 ;;		Nothing
   351 ;; This function is called by:
   352 ;;		_main
   353 ;; This function uses a non-reentrant model
   354 ;;
   355                           
   356                           	psect	text2
   357  00065C                     __ptext2:
   358                           	opt stack 0
   359  00065C                     _MCU_Delayms:
   360                           	opt stack 30
   361                           
   362                           ;main.c: 74: unsigned int acc;
   363                           ;main.c: 75: for(acc=0; acc<t; acc++){
   364                           
   365                           ; BSR set to: 15
   366                           ;incstack = 0
   367  00065C  0E00               	movlw	0
   368  00065E  6E05               	movwf	MCU_Delayms@acc+1,c
   369  000660  0E00               	movlw	0
   370  000662  6E04               	movwf	MCU_Delayms@acc,c
   371  000664  D00A               	goto	l43
   372  000666                     l694:
   373                           
   374                           ;main.c: 76: _delay((unsigned long)((1)*(16000000/4000.0)));
   375  000666  0E06               	movlw	6
   376  000668  6E03               	movwf	??_MCU_Delayms& (0+255),c
   377  00066A  0E30               	movlw	48
   378  00066C                     u57:
   379  00066C  2EE8               	decfsz	wreg,f,c
   380  00066E  D7FE               	bra	u57
   381  000670  2E03               	decfsz	??_MCU_Delayms& (0+255),f,c
   382  000672  D7FC               	bra	u57
   383  000674  D000               	nop2	
   384  000676  4A04               	infsnz	MCU_Delayms@acc,f,c
   385  000678  2A05               	incf	MCU_Delayms@acc+1,f,c
   386  00067A                     l43:
   387  00067A  5001               	movf	MCU_Delayms@t,w,c
   388  00067C  5C04               	subwf	MCU_Delayms@acc,w,c
   389  00067E  5002               	movf	MCU_Delayms@t+1,w,c
   390  000680  5805               	subwfb	MCU_Delayms@acc+1,w,c
   391  000682  B0D8               	btfsc	status,0,c
   392  000684  0012               	return	
   393  000686  D7EF               	goto	l694
   394  000688                     __end_of_MCU_Delayms:
   395                           	opt stack 0
   396                           tblptru	equ	0xFF8
   397                           tblptrh	equ	0xFF7
   398                           tblptrl	equ	0xFF6
   399                           tablat	equ	0xFF5
   400                           prodh	equ	0xFF4
   401                           prodl	equ	0xFF3
   402                           wreg	equ	0xFE8
   403                           status	equ	0xFD8
   404                           tblptru	equ	0xFF8
   405                           tblptrh	equ	0xFF7
   406                           tblptrl	equ	0xFF6
   407                           tablat	equ	0xFF5
   408                           prodh	equ	0xFF4
   409                           prodl	equ	0xFF3
   410                           wreg	equ	0xFE8
   411                           status	equ	0xFD8
   412                           
   413                           	psect	rparam
   414  0000                     tblptru	equ	0xFF8
   415                           tblptrh	equ	0xFF7
   416                           tblptrl	equ	0xFF6
   417                           tablat	equ	0xFF5
   418                           prodh	equ	0xFF4
   419                           prodl	equ	0xFF3
   420                           wreg	equ	0xFE8
   421                           status	equ	0xFD8


Data Sizes:
    Strings     0
    Constant    16
    Data        0
    BSS         1
    Persistent  0
    Stack       0

Auto Spaces:
    Space          Size  Autos    Used
    COMRAM           95      5       6
    BANK0           160      0       0
    BANK1           256      0       0
    BANK2           256      0       0
    BANK3           256      0       0
    BANK4           256      0       0
    BANK5           256      0       0

Pointer List with Targets:

    None.

Critical Paths under _main in COMRAM

    _main->_MCU_Delayms

Critical Paths under _main in BANK0

    None.

Critical Paths under _main in BANK1

    None.

Critical Paths under _main in BANK2

    None.

Critical Paths under _main in BANK3

    None.

Critical Paths under _main in BANK4

    None.

Critical Paths under _main in BANK5

    None.

Call Graph Tables:

 ---------------------------------------------------------------------------------
 (Depth) Function   	        Calls       Base Space   Used Autos Params    Refs
 ---------------------------------------------------------------------------------
 (0) _main                                                 0     0      0     122
                        _MCU_Delayms
                           _MCU_Init
 ---------------------------------------------------------------------------------
 (1) _MCU_Init                                             0     0      0       0
 ---------------------------------------------------------------------------------
 (1) _MCU_Delayms                                          5     3      2     122
                                              0 COMRAM     5     3      2
 ---------------------------------------------------------------------------------
 Estimated maximum stack depth 1
 ---------------------------------------------------------------------------------

 Call Graph Graphs:

 _main (ROOT)
   _MCU_Delayms
   _MCU_Init

 Address spaces:
Name               Size   Autos  Total    Cost      Usage
BIGRAM             5FF      0       0      16        0.0%
EEDATA             100      0       0       0        0.0%
BITBANK5           100      0       0      14        0.0%
BANK5              100      0       0      15        0.0%
BITBANK4           100      0       0      12        0.0%
BANK4              100      0       0      13        0.0%
BITBANK3           100      0       0      10        0.0%
BANK3              100      0       0      11        0.0%
BITBANK2           100      0       0       7        0.0%
BANK2              100      0       0       8        0.0%
BITBANK1           100      0       0       5        0.0%
BANK1              100      0       0       6        0.0%
BITBANK0            A0      0       0       3        0.0%
BANK0               A0      0       0       4        0.0%
BITCOMRAM           5F      0       0       0        0.0%
COMRAM              5F      5       6       1        6.3%
BITSFR_1             0      0       0     200        0.0%
SFR_1                0      0       0     200        0.0%
BITSFR               0      0       0     200        0.0%
SFR                  0      0       0     200        0.0%
STACK                0      0       0       2        0.0%
NULL                 0      0       0       0        0.0%
ABS                  0      0       6       9        0.0%
DATA                 0      0       6      17        0.0%
CODE                 0      0       0       0        0.0%


Microchip Technology PIC18 Macro Assembler V1.42 build -159332390 
Symbol Table                                                                                   Sun Aug 16 01:31:27 2020

                      _x 0006                       l43 067A                       u57 066C  
           __CFG_CP0$OFF 000000             __CFG_CP1$OFF 000000             __CFG_CP2$OFF 000000  
           __CFG_CP3$OFF 000000                      l700 0616                      l694 0666  
                    _COL 0601             __CFG_CPB$OFF 000000             __CFG_CPD$OFF 000000  
                    _ROW 0609                      wreg 000FE8             __CFG_LVP$OFF 000000  
                   _main 0612            __CFG_BORV$190 000000                     prodh 000FF4  
                   prodl 000FF3                     start 0000            __CFG_IESO$OFF 000000  
           ___param_bank 000000                    ?_main 0001         __end_of_MCU_Init 06B2  
                  _PORTB 000F81                    _PORTC 000F82                    _TRISB 000F93  
                  _TRISC 000F94             ?_MCU_Delayms 0001            __CFG_WRT0$OFF 000000  
          __CFG_WRT1$OFF 000000            __CFG_WRT2$OFF 000000            __CFG_WRT3$OFF 000000  
         __CFG_EBTR0$OFF 000000           __CFG_FCMEN$OFF 000000           __CFG_EBTR1$OFF 000000  
         __CFG_EBTR2$OFF 000000           __CFG_EBTR3$OFF 000000            __CFG_WRTB$OFF 000000  
          __CFG_WRTC$OFF 000000            __CFG_WRTD$OFF 000000           __CFG_EBTRB$OFF 000000  
     __CFG_MCLRE$EXTMCLR 000000           __CFG_BOREN$OFF 000000                    tablat 000FF5  
                  status 000FD8          __initialization 06B2             __end_of_main 065C  
                 ??_main 0006            __activetblptr 000001                   _ANSELA 000F38  
                 _ANSELB 000F39                   _ANSELC 000F3A           __CFG_WDTEN$OFF 000000  
         __CFG_XINST$OFF 000000           __CFG_STVREN$ON 000000             __mediumconst 0000  
                 tblptrh 000FF7                   tblptrl 000FF6                   tblptru 000FF8  
        __CFG_HFOFST$OFF 000000               __accesstop 0060  __end_of__initialization 06B4  
        __CFG_PBADEN$OFF 000000            ___rparam_used 000001                ?_MCU_Init 0001  
         __pcstackCOMRAM 0001     __size_of_MCU_Delayms 002C          __CFG_PLLCFG$OFF 000000  
             ??_MCU_Init 0001       __CFG_CCP2MX$PORTC1 000000       __CFG_CCP3MX$PORTB5 000000  
        __CFG_PWRTEN$OFF 000000                  __Hparam 0000                  __Lparam 0000  
           __psmallconst 0600                  __pcinit 06B2                  __ramtop 0600  
                __ptext0 0612                  __ptext1 0688                  __ptext2 065C  
   end_of_initialization 06B4             MCU_Delayms@t 0001        __size_of_MCU_Init 002A  
    start_initialization 06B2              __end_of_COL 0609              __end_of_ROW 0611  
          ??_MCU_Delayms 0003              __pbssCOMRAM 0006         __CFG_PRICLKEN$ON 000000  
            __smallconst 0600      __end_of_MCU_Delayms 0688                 _MCU_Init 0688  
       __CFG_WDTPS$32768 000000                 __Hrparam 0000                 __Lrparam 0000  
           __Lsmallconst 0600           MCU_Delayms@acc 0004        __CFG_P2BMX$PORTB5 000000  
            _MCU_Delayms 065C            __size_of_main 004A               _OSCCONbits 000FD3  
      __CFG_T3CMX$PORTC0 000000        __CFG_FOSC$INTIO67 000000  
