

Microchip Technology PIC18 LITE Macro Assembler V1.42 build -159332390 
                                                                                               Sun Aug 16 02:11:46 2020

Microchip Technology Omniscient Code Generator v1.42 (Free mode) build 201704130522
     1                           	processor	18F4620
     2                           	fnconf	rparam,??,?,0
     3                           	opt	pw 120
     4                           	opt	lm
     5                           	psect	nvCOMRAM,global,class=COMRAM,space=1,delta=1,noexec
     6                           	psect	cinit,global,reloc=2,class=CODE,delta=1
     7                           	psect	cstackCOMRAM,global,class=COMRAM,space=1,delta=1,noexec
     8                           	psect	text0,global,reloc=2,class=CODE,delta=1
     9                           	psect	text1,global,reloc=2,class=CODE,delta=1
    10                           	psect	intsave_regs,global,class=BIGRAM,space=1,delta=1,noexec
    11                           	psect	rparam,global,class=COMRAM,space=1,delta=1,noexec
    12  0000                     
    13                           ; Version 1.42
    14                           ; Generated 13/04/2017 GMT
    15                           ; 
    16                           ; Copyright © 2017, Microchip Technology Inc. and its subsidiaries ("Microchip")
    17                           ; All rights reserved.
    18                           ; 
    19                           ; This software is developed by Microchip Technology Inc. and its subsidiaries ("Microch
      +                          ip").
    20                           ; 
    21                           ; Redistribution and use in source and binary forms, with or without modification, are
    22                           ; permitted provided that the following conditions are met:
    23                           ; 
    24                           ;     1. Redistributions of source code must retain the above copyright notice, this lis
      +                          t of
    25                           ;        conditions and the following disclaimer.
    26                           ; 
    27                           ;     2. Redistributions in binary form must reproduce the above copyright notice, this 
      +                          list
    28                           ;        of conditions and the following disclaimer in the documentation and/or other
    29                           ;        materials provided with the distribution.
    30                           ; 
    31                           ;     3. Microchip's name may not be used to endorse or promote products derived from th
      +                          is
    32                           ;        software without specific prior written permission.
    33                           ; 
    34                           ; THIS SOFTWARE IS PROVIDED BY MICROCHIP "AS IS" AND ANY EXPRESS OR IMPLIED WARRANTIES,
    35                           ; INCLUDING, BUT NOT LIMITED TO, THE IMPLIED WARRANTIES OF MERCHANTABILITY AND FITNESS F
      +                          OR
    36                           ; PURPOSE ARE DISCLAIMED.  IN NO EVENT SHALL MICROCHIP BE LIABLE FOR ANY DIRECT, INDIREC
      +                          T,
    37                           ; INCIDENTAL, SPECIAL, EXEMPLARY, OR CONSEQUENTIAL DAMAGES (INCLUDING BUT NOT LIMITED TO
    38                           ; PROCUREMENT OF SUBSTITUTE GOODS OR SERVICES; LOSS OF USE, DATA OR PROFITS; OR BUSINESS
    39                           ; INTERRUPTION) HOWSOEVER CAUSED AND ON ANY THEORY OF LIABILITY, WHETHER IN CONTRACT, ST
      +                          RICT
    40                           ; LIABILITY, OR TORT (INCLUDING NEGLIGENCE OR OTHERWISE) ARISING IN ANY WAY OUT OF THE U
      +                          SE OF
    41                           ; THIS SOFTWARE, EVEN IF ADVISED OF THE POSSIBILITY OF SUCH DAMAGE.
    42                           ; 
    43                           ; 
    44                           ; Code-generator required, PIC18F4620 Definitions
    45                           ; 
    46                           ; SFR Addresses
    47  0000                     
    48                           	psect	nvCOMRAM
    49  000008                     __pnvCOMRAM:
    50                           	opt stack 0
    51  000008                     _i:
    52                           	opt stack 0
    53  000008                     	ds	1
    54  000009                     _count:
    55                           	opt stack 0
    56  000009                     	ds	1
    57  0000                     _LATB	set	3978
    58  0000                     _TRISB	set	3987
    59  0000                     _ADCON1	set	4033
    60  0000                     _OSCCONbits	set	4051
    61                           
    62                           ; #config settings
    63  0000                     
    64                           	psect	cinit
    65  00FF4E                     __pcinit:
    66                           	opt stack 0
    67  00FF4E                     start_initialization:
    68                           	opt stack 0
    69  00FF4E                     __initialization:
    70                           	opt stack 0
    71  00FF4E                     end_of_initialization:
    72                           	opt stack 0
    73  00FF4E                     __end_of__initialization:
    74                           	opt stack 0
    75  00FF4E  0100               	movlb	0
    76  00FF50  EFCC  F07F         	goto	_main	;jump to C main() function
    77                           
    78                           	psect	cstackCOMRAM
    79  000001                     __pcstackCOMRAM:
    80                           	opt stack 0
    81  000001                     Delay@m:
    82                           	opt stack 0
    83                           
    84                           ; 2 bytes @ 0x0
    85  000001                     	ds	2
    86  000003                     ??_Delay:
    87                           
    88                           ; 1 bytes @ 0x2
    89  000003                     	ds	1
    90  000004                     Delay@j:
    91                           	opt stack 0
    92                           
    93                           ; 2 bytes @ 0x3
    94  000004                     	ds	2
    95  000006                     Delay@k:
    96                           	opt stack 0
    97                           
    98                           ; 2 bytes @ 0x5
    99  000006                     	ds	2
   100  000008                     
   101                           ; 1 bytes @ 0x7
   102 ;;
   103 ;;Main: autosize = 0, tempsize = 0, incstack = 0, save=0
   104 ;;
   105 ;; *************** function _main *****************
   106 ;; Defined at:
   107 ;;		line 28 in file "main.c"
   108 ;; Parameters:    Size  Location     Type
   109 ;;		None
   110 ;; Auto vars:     Size  Location     Type
   111 ;;		None
   112 ;; Return value:  Size  Location     Type
   113 ;;                  1    wreg      void 
   114 ;; Registers used:
   115 ;;		wreg, status,2, status,0, cstack
   116 ;; Tracked objects:
   117 ;;		On entry : 0/0
   118 ;;		On exit  : 0/0
   119 ;;		Unchanged: 0/0
   120 ;; Data sizes:     COMRAM   BANK0   BANK1   BANK2   BANK3   BANK4   BANK5   BANK6   BANK7   BANK8   BANK9  BANK10  BANK1
      +1  BANK12  BANK13  BANK14  BANK15
   121 ;;      Params:         0       0       0       0       0       0       0       0       0       0       0       0       
      +0       0       0       0       0
   122 ;;      Locals:         0       0       0       0       0       0       0       0       0       0       0       0       
      +0       0       0       0       0
   123 ;;      Temps:          0       0       0       0       0       0       0       0       0       0       0       0       
      +0       0       0       0       0
   124 ;;      Totals:         0       0       0       0       0       0       0       0       0       0       0       0       
      +0       0       0       0       0
   125 ;;Total ram usage:        0 bytes
   126 ;; Hardware stack levels required when called:    1
   127 ;; This function calls:
   128 ;;		_Delay
   129 ;; This function is called by:
   130 ;;		Startup code after reset
   131 ;; This function uses a non-reentrant model
   132 ;;
   133                           
   134                           	psect	text0
   135  00FF98                     __ptext0:
   136                           	opt stack 0
   137  00FF98                     _main:
   138                           	opt stack 30
   139                           
   140                           ;main.c: 29: OSCCONbits.IRCF=0b001;
   141                           
   142                           ;incstack = 0
   143  00FF98  50D3               	movf	4051,w,c	;volatile
   144  00FF9A  0B8F               	andlw	-113
   145  00FF9C  0910               	iorlw	16
   146  00FF9E  6ED3               	movwf	4051,c	;volatile
   147                           
   148                           ;main.c: 30: ADCON1=0x0F;
   149  00FFA0  0E0F               	movlw	15
   150  00FFA2  6EC1               	movwf	4033,c	;volatile
   151                           
   152                           ;main.c: 31: TRISB=0x00;
   153  00FFA4  0E00               	movlw	0
   154  00FFA6  6E93               	movwf	3987,c	;volatile
   155                           
   156                           ;main.c: 32: LATB=0x00;
   157  00FFA8  0E00               	movlw	0
   158  00FFAA  6E8A               	movwf	3978,c	;volatile
   159  00FFAC                     l21:
   160                           
   161                           ;main.c: 34: count=1;
   162  00FFAC  0E01               	movlw	1
   163  00FFAE  6E09               	movwf	_count,c
   164                           
   165                           ;main.c: 35: for(i=0;i<=8;i++){
   166  00FFB0  0E00               	movlw	0
   167  00FFB2  6E08               	movwf	_i,c
   168  00FFB4                     l720:
   169  00FFB4  0E08               	movlw	8
   170  00FFB6  6408               	cpfsgt	_i,c
   171  00FFB8  D001               	goto	l22
   172  00FFBA  D00D               	goto	l732
   173  00FFBC                     l22:
   174                           
   175                           ;main.c: 36: LATB=count;
   176  00FFBC  C009  FF8A         	movff	_count,3978	;volatile
   177                           
   178                           ;main.c: 37: count=count<<1;
   179  00FFC0  5009               	movf	_count,w,c
   180  00FFC2  2409               	addwf	_count,w,c
   181  00FFC4  6E09               	movwf	_count,c
   182                           
   183                           ;main.c: 38: Delay(2);
   184  00FFC6  0E00               	movlw	0
   185  00FFC8  6E02               	movwf	Delay@m+1,c
   186  00FFCA  0E02               	movlw	2
   187  00FFCC  6E01               	movwf	Delay@m,c
   188  00FFCE  ECAA  F07F         	call	_Delay	;wreg free
   189  00FFD2  2A08               	incf	_i,f,c
   190  00FFD4  D7EF               	goto	l720
   191  00FFD6                     l732:
   192                           
   193                           ;main.c: 39: }
   194                           ;main.c: 40: count=128;
   195  00FFD6  0E80               	movlw	128
   196  00FFD8  6E09               	movwf	_count,c
   197                           
   198                           ;main.c: 41: for(i=0;i<=8;i++){
   199  00FFDA  0E00               	movlw	0
   200  00FFDC  6E08               	movwf	_i,c
   201  00FFDE                     l734:
   202  00FFDE  0E08               	movlw	8
   203  00FFE0  6408               	cpfsgt	_i,c
   204  00FFE2  D001               	goto	l24
   205  00FFE4  D7E3               	goto	l21
   206  00FFE6                     l24:
   207                           
   208                           ;main.c: 42: LATB=count;
   209  00FFE6  C009  FF8A         	movff	_count,3978	;volatile
   210                           
   211                           ;main.c: 43: count=count>>1;
   212  00FFEA  90D8               	bcf	status,0,c
   213  00FFEC  3009               	rrcf	_count,w,c
   214  00FFEE  6E09               	movwf	_count,c
   215                           
   216                           ;main.c: 44: Delay(2);
   217  00FFF0  0E00               	movlw	0
   218  00FFF2  6E02               	movwf	Delay@m+1,c
   219  00FFF4  0E02               	movlw	2
   220  00FFF6  6E01               	movwf	Delay@m,c
   221  00FFF8  ECAA  F07F         	call	_Delay	;wreg free
   222  00FFFC  2A08               	incf	_i,f,c
   223  00FFFE  D7EF               	goto	l734
   224  010000                     __end_of_main:
   225                           	opt stack 0
   226                           status	equ	0xFD8
   227                           
   228 ;; *************** function _Delay *****************
   229 ;; Defined at:
   230 ;;		line 50 in file "main.c"
   231 ;; Parameters:    Size  Location     Type
   232 ;;  m               2    0[COMRAM] int 
   233 ;; Auto vars:     Size  Location     Type
   234 ;;  k               2    5[COMRAM] volatile int 
   235 ;;  j               2    3[COMRAM] volatile int 
   236 ;; Return value:  Size  Location     Type
   237 ;;                  1    wreg      void 
   238 ;; Registers used:
   239 ;;		wreg, status,2, status,0
   240 ;; Tracked objects:
   241 ;;		On entry : 0/0
   242 ;;		On exit  : 0/0
   243 ;;		Unchanged: 0/0
   244 ;; Data sizes:     COMRAM   BANK0   BANK1   BANK2   BANK3   BANK4   BANK5   BANK6   BANK7   BANK8   BANK9  BANK10  BANK1
      +1  BANK12  BANK13  BANK14  BANK15
   245 ;;      Params:         2       0       0       0       0       0       0       0       0       0       0       0       
      +0       0       0       0       0
   246 ;;      Locals:         4       0       0       0       0       0       0       0       0       0       0       0       
      +0       0       0       0       0
   247 ;;      Temps:          1       0       0       0       0       0       0       0       0       0       0       0       
      +0       0       0       0       0
   248 ;;      Totals:         7       0       0       0       0       0       0       0       0       0       0       0       
      +0       0       0       0       0
   249 ;;Total ram usage:        7 bytes
   250 ;; Hardware stack levels used:    1
   251 ;; This function calls:
   252 ;;		Nothing
   253 ;; This function is called by:
   254 ;;		_main
   255 ;; This function uses a non-reentrant model
   256 ;;
   257                           
   258                           	psect	text1
   259  00FF54                     __ptext1:
   260                           	opt stack 0
   261  00FF54                     _Delay:
   262                           	opt stack 30
   263                           
   264                           ;main.c: 51: volatile int k, j;
   265                           ;main.c: 52: for(j=0; j<m; j++){
   266                           
   267                           ;incstack = 0
   268  00FF54  0E00               	movlw	0
   269  00FF56  6E05               	movwf	Delay@j+1,c	;volatile
   270  00FF58  0E00               	movlw	0
   271  00FF5A  6E04               	movwf	Delay@j,c	;volatile
   272  00FF5C  D012               	goto	l716
   273  00FF5E                     l704:
   274                           
   275                           ;main.c: 53: for(k=0; k<63; k++)
   276  00FF5E  0E00               	movlw	0
   277  00FF60  6E07               	movwf	Delay@k+1,c	;volatile
   278  00FF62  0E00               	movlw	0
   279  00FF64  6E06               	movwf	Delay@k,c	;volatile
   280  00FF66                     l706:
   281  00FF66  BE07               	btfsc	Delay@k+1,7,c	;volatile
   282  00FF68  D006               	goto	l33
   283  00FF6A  5007               	movf	Delay@k+1,w,c	;volatile
   284  00FF6C  E108               	bnz	l714
   285  00FF6E  0E3F               	movlw	63
   286  00FF70  5C06               	subwf	Delay@k,w,c	;volatile
   287  00FF72  B0D8               	btfsc	status,0,c
   288  00FF74  D004               	goto	l714
   289  00FF76                     l33:
   290                           
   291                           ;main.c: 54: __nop();
   292  00FF76  F000               	nop	
   293  00FF78  4A06               	infsnz	Delay@k,f,c	;volatile
   294  00FF7A  2A07               	incf	Delay@k+1,f,c	;volatile
   295  00FF7C  D7F4               	goto	l706
   296  00FF7E                     l714:
   297  00FF7E  4A04               	infsnz	Delay@j,f,c	;volatile
   298  00FF80  2A05               	incf	Delay@j+1,f,c	;volatile
   299  00FF82                     l716:
   300  00FF82  5001               	movf	Delay@m,w,c
   301  00FF84  5C04               	subwf	Delay@j,w,c	;volatile
   302  00FF86  5005               	movf	Delay@j+1,w,c	;volatile
   303  00FF88  0A80               	xorlw	128
   304  00FF8A  6E03               	movwf	??_Delay& (0+255),c
   305  00FF8C  5002               	movf	Delay@m+1,w,c
   306  00FF8E  0A80               	xorlw	128
   307  00FF90  5803               	subwfb	??_Delay& (0+255),w,c
   308  00FF92  B0D8               	btfsc	status,0,c
   309  00FF94  0012               	return	
   310  00FF96  D7E3               	goto	l704
   311  00FF98                     __end_of_Delay:
   312                           	opt stack 0
   313  0000                     status	equ	0xFD8
   314                           status	equ	0xFD8
   315                           
   316                           	psect	rparam
   317  0000                     status	equ	0xFD8


Data Sizes:
    Strings     0
    Constant    0
    Data        0
    BSS         0
    Persistent  2
    Stack       0

Auto Spaces:
    Space          Size  Autos    Used
    COMRAM          127      7       9
    BANK0           128      0       0
    BANK1           256      0       0
    BANK2           256      0       0
    BANK3           256      0       0
    BANK4           256      0       0
    BANK5           256      0       0
    BANK6           256      0       0
    BANK7           256      0       0
    BANK8           256      0       0
    BANK9           256      0       0
    BANK10          256      0       0
    BANK11          256      0       0
    BANK12          256      0       0
    BANK13          256      0       0
    BANK14          256      0       0
    BANK15          128      0       0

Pointer List with Targets:

    None.

Critical Paths under _main in COMRAM

    _main->_Delay

Critical Paths under _main in BANK0

    None.

Critical Paths under _main in BANK1

    None.

Critical Paths under _main in BANK2

    None.

Critical Paths under _main in BANK3

    None.

Critical Paths under _main in BANK4

    None.

Critical Paths under _main in BANK5

    None.

Critical Paths under _main in BANK6

    None.

Critical Paths under _main in BANK7

    None.

Critical Paths under _main in BANK8

    None.

Critical Paths under _main in BANK9

    None.

Critical Paths under _main in BANK10

    None.

Critical Paths under _main in BANK11

    None.

Critical Paths under _main in BANK12

    None.

Critical Paths under _main in BANK13

    None.

Critical Paths under _main in BANK14

    None.

Critical Paths under _main in BANK15

    None.

Call Graph Tables:

 ---------------------------------------------------------------------------------
 (Depth) Function   	        Calls       Base Space   Used Autos Params    Refs
 ---------------------------------------------------------------------------------
 (0) _main                                                 0     0      0     244
                              _Delay
 ---------------------------------------------------------------------------------
 (1) _Delay                                                7     5      2     244
                                              0 COMRAM     7     5      2
 ---------------------------------------------------------------------------------
 Estimated maximum stack depth 1
 ---------------------------------------------------------------------------------

 Call Graph Graphs:

 _main (ROOT)
   _Delay

 Address spaces:
Name               Size   Autos  Total    Cost      Usage
BITCOMRAM           7F      0       0       0        0.0%
EEDATA             400      0       0       0        0.0%
NULL                 0      0       0       0        0.0%
CODE                 0      0       0       0        0.0%
COMRAM              7F      7       9       1        7.1%
STACK                0      0       0       2        0.0%
DATA                 0      0       9       3        0.0%
BITBANK0            80      0       0       4        0.0%
BANK0               80      0       0       5        0.0%
BITBANK1           100      0       0       6        0.0%
BANK1              100      0       0       7        0.0%
BITBANK2           100      0       0       8        0.0%
BANK2              100      0       0       9        0.0%
BITBANK3           100      0       0      10        0.0%
BANK3              100      0       0      11        0.0%
BITBANK4           100      0       0      12        0.0%
BANK4              100      0       0      13        0.0%
BITBANK5           100      0       0      14        0.0%
BANK5              100      0       0      15        0.0%
BITBANK6           100      0       0      16        0.0%
BANK6              100      0       0      17        0.0%
BITBANK7           100      0       0      18        0.0%
BANK7              100      0       0      19        0.0%
BITBANK8           100      0       0      20        0.0%
BANK8              100      0       0      21        0.0%
BITBANK9           100      0       0      22        0.0%
BANK9              100      0       0      23        0.0%
BITBANK10          100      0       0      24        0.0%
BANK10             100      0       0      25        0.0%
BITBANK11          100      0       0      26        0.0%
BANK11             100      0       0      27        0.0%
BITBANK12          100      0       0      28        0.0%
BANK12             100      0       0      29        0.0%
BITBANK13          100      0       0      30        0.0%
BANK13             100      0       0      31        0.0%
BITBANK14          100      0       0      32        0.0%
BANK14             100      0       0      33        0.0%
ABS                  0      0       9      34        0.0%
BITBANK15           80      0       0      35        0.0%
BANK15              80      0       0      36        0.0%
BIGRAM             F7F      0       0      37        0.0%
BITSFR               0      0       0     200        0.0%
SFR                  0      0       0     200        0.0%


Microchip Technology PIC18 Macro Assembler V1.42 build -159332390 
Symbol Table                                                                                   Sun Aug 16 02:11:46 2020

                      _i 0008                       l21 FFAC                       l22 FFBC  
                     l24 FFE6                       l33 FF76             __CFG_CP0$OFF 000000  
           __CFG_CP1$OFF 000000             __CFG_CP2$OFF 000000             __CFG_CP3$OFF 000000  
                    l704 FF5E                      l720 FFB4                      l714 FF7E  
                    l706 FF66                      l716 FF82                      l732 FFD6  
                    l734 FFDE             __CFG_CPB$OFF 000000             __CFG_CPD$OFF 000000  
           __CFG_IESO$ON 000000             __CFG_LVP$OFF 000000             __CFG_WDT$OFF 000000  
                   _LATB 000F8A             __CFG_PWRT$ON 000000            __CFG_FCMEN$ON 000000  
                   _main FF98                     start 0000            __CFG_MCLRE$ON 000000  
           ___param_bank 000000                    ?_main 0001           __CFG_DEBUG$OFF 000000  
                  _TRISB 000F93                    _Delay FF54            __CFG_WRT0$OFF 000000  
          __CFG_WRT1$OFF 000000            __CFG_WRT3$OFF 000000           __CFG_EBTR0$OFF 000000  
         __CFG_EBTR1$OFF 000000           __CFG_EBTR2$OFF 000000           __CFG_EBTR3$OFF 000000  
          __CFG_WRTB$OFF 000000            __CFG_WRTC$OFF 000000            __CFG_WRTD$OFF 000000  
         __CFG_EBTRB$OFF 000000                    _count 0009           __CFG_BOREN$OFF 000000  
                  status 000FD8          __initialization FF4E             __end_of_main 0000  
                 ??_main 0008            __activetblptr 000000                   ?_Delay 0001  
                 _ADCON1 000FC1                   Delay@j 0004                   Delay@k 0006  
                 Delay@m 0001           __CFG_XINST$OFF 000000               __accesstop 0080  
__end_of__initialization FF4E            ___rparam_used 000001            __end_of_Delay FF98  
         __pcstackCOMRAM 0001                  ??_Delay 0003               __pnvCOMRAM 0008  
                __Hparam 0000                  __Lparam 0000                  __pcinit FF4E  
                __ramtop 1000                  __ptext0 FF98                  __ptext1 FF54  
   end_of_initialization FF4E      start_initialization FF4E         __CFG_OSC$INTIO67 000000  
         __size_of_Delay 0044                 __Hrparam 0000                 __Lrparam 0000  
          __size_of_main 0068               _OSCCONbits 000FD3  
