

Microchip Technology PIC LITE Macro Assembler V1.42 build -159332390 
                                                                                               Sun Aug 16 01:38:56 2020

Microchip Technology Omniscient Code Generator v1.42 (Free mode) build 201704130522
     1                           	processor	16F84A
     2                           	opt	pw 120
     3                           	opt	lm
     4                           	psect	cinit,global,class=CODE,merge=1,delta=2
     5                           	psect	bssBANK0,global,class=BANK0,space=1,delta=1
     6                           	psect	cstackBANK0,global,class=BANK0,space=1,delta=1
     7                           	psect	maintext,global,class=CODE,split=1,delta=2
     8                           	psect	text1,local,class=CODE,merge=1,delta=2
     9                           	dabs	1,0x4E,2
    10  0000                     
    11                           ; Version 1.42
    12                           ; Generated 13/04/2017 GMT
    13                           ; 
    14                           ; Copyright © 2017, Microchip Technology Inc. and its subsidiaries ("Microchip")
    15                           ; All rights reserved.
    16                           ; 
    17                           ; This software is developed by Microchip Technology Inc. and its subsidiaries ("Microch
      +                          ip").
    18                           ; 
    19                           ; Redistribution and use in source and binary forms, with or without modification, are
    20                           ; permitted provided that the following conditions are met:
    21                           ; 
    22                           ;     1. Redistributions of source code must retain the above copyright notice, this lis
      +                          t of
    23                           ;        conditions and the following disclaimer.
    24                           ; 
    25                           ;     2. Redistributions in binary form must reproduce the above copyright notice, this 
      +                          list
    26                           ;        of conditions and the following disclaimer in the documentation and/or other
    27                           ;        materials provided with the distribution.
    28                           ; 
    29                           ;     3. Microchip's name may not be used to endorse or promote products derived from th
      +                          is
    30                           ;        software without specific prior written permission.
    31                           ; 
    32                           ; THIS SOFTWARE IS PROVIDED BY MICROCHIP "AS IS" AND ANY EXPRESS OR IMPLIED WARRANTIES,
    33                           ; INCLUDING, BUT NOT LIMITED TO, THE IMPLIED WARRANTIES OF MERCHANTABILITY AND FITNESS F
      +                          OR
    34                           ; PURPOSE ARE DISCLAIMED.  IN NO EVENT SHALL MICROCHIP BE LIABLE FOR ANY DIRECT, INDIREC
      +                          T,
    35                           ; INCIDENTAL, SPECIAL, EXEMPLARY, OR CONSEQUENTIAL DAMAGES (INCLUDING BUT NOT LIMITED TO
    36                           ; PROCUREMENT OF SUBSTITUTE GOODS OR SERVICES; LOSS OF USE, DATA OR PROFITS; OR BUSINESS
    37                           ; INTERRUPTION) HOWSOEVER CAUSED AND ON ANY THEORY OF LIABILITY, WHETHER IN CONTRACT, ST
      +                          RICT
    38                           ; LIABILITY, OR TORT (INCLUDING NEGLIGENCE OR OTHERWISE) ARISING IN ANY WAY OUT OF THE U
      +                          SE OF
    39                           ; THIS SOFTWARE, EVEN IF ADVISED OF THE POSSIBILITY OF SUCH DAMAGE.
    40                           ; 
    41                           ; 
    42                           ; Code-generator required, PIC16F84A Definitions
    43                           ; 
    44                           ; SFR Addresses
    45  0000                     	;# 
    46  0001                     	;# 
    47  0002                     	;# 
    48  0003                     	;# 
    49  0004                     	;# 
    50  0005                     	;# 
    51  0006                     	;# 
    52  0008                     	;# 
    53  0009                     	;# 
    54  000A                     	;# 
    55  000B                     	;# 
    56  0081                     	;# 
    57  0085                     	;# 
    58  0086                     	;# 
    59  0088                     	;# 
    60  0089                     	;# 
    61  0006                     _PORTBbits	set	6
    62  0006                     _PORTB	set	6
    63  0086                     _TRISB	set	134
    64                           
    65                           ; #config settings
    66  0000                     
    67                           	psect	cinit
    68  03FD                     start_initialization:	
    69  03FD                     __initialization:	
    70                           
    71                           ; Clear objects allocated to BANK0
    72  03FD  0192               	clrf	__pbssBANK0& (0+127)
    73  03FE                     end_of_initialization:	
    74                           ;End of C runtime variable initialization code
    75                           
    76  03FE                     __end_of__initialization:	
    77  03FE  0183               	clrf	3
    78  03FF  2BA8               	ljmp	_main	;jump to C main() function
    79                           
    80                           	psect	bssBANK0
    81  0012                     __pbssBANK0:	
    82  0012                     _count:	
    83  0012                     	ds	1
    84                           
    85                           	psect	cstackBANK0
    86  000C                     __pcstackBANK0:	
    87  000C                     ?_MCU_Delayms:	
    88  000C                     ?_main:	
    89                           ; 1 bytes @ 0x0
    90                           
    91  000C                     MCU_Delayms@t:	
    92                           ; 1 bytes @ 0x0
    93                           
    94                           
    95                           ; 2 bytes @ 0x0
    96  000C                     	ds	2
    97  000E                     ??_MCU_Delayms:	
    98                           
    99                           ; 1 bytes @ 0x2
   100  000E                     	ds	1
   101  000F                     MCU_Delayms@acc:	
   102                           
   103                           ; 2 bytes @ 0x3
   104  000F                     	ds	2
   105  0011                     ??_main:	
   106                           
   107                           ; 1 bytes @ 0x5
   108  0011                     	ds	1
   109                           
   110                           	psect	maintext
   111  03A8                     __pmaintext:	
   112 ;;
   113 ;;Main: autosize = 0, tempsize = 1, incstack = 0, save=0
   114 ;;
   115 ;; *************** function _main *****************
   116 ;; Defined at:
   117 ;;		line 52 in file "main.c"
   118 ;; Parameters:    Size  Location     Type
   119 ;;		None
   120 ;; Auto vars:     Size  Location     Type
   121 ;;		None
   122 ;; Return value:  Size  Location     Type
   123 ;;                  1    wreg      void 
   124 ;; Registers used:
   125 ;;		wreg, status,2, status,0, pclath, cstack
   126 ;; Tracked objects:
   127 ;;		On entry : B00/0
   128 ;;		On exit  : 0/0
   129 ;;		Unchanged: 0/0
   130 ;; Data sizes:     COMMON   BANK0
   131 ;;      Params:         0       0
   132 ;;      Locals:         0       0
   133 ;;      Temps:          0       1
   134 ;;      Totals:         0       1
   135 ;;Total ram usage:        1 bytes
   136 ;; Hardware stack levels required when called:    1
   137 ;; This function calls:
   138 ;;		_MCU_Delayms
   139 ;; This function is called by:
   140 ;;		Startup code after reset
   141 ;; This function uses a non-reentrant model
   142 ;;
   143                           
   144                           
   145                           ;psect for function _main
   146  03A8                     _main:	
   147                           
   148                           ;main.c: 54: TRISB = 0x00;
   149                           
   150                           ;incstack = 0
   151                           ; Regs used in _main: [wreg+status,2+status,0+pclath+cstack]
   152  03A8  1683               	bsf	3,5	;RP0=1, select bank1
   153  03A9  0186               	clrf	6	;volatile
   154                           
   155                           ;main.c: 55: PORTB = 0x00;
   156  03AA  1283               	bcf	3,5	;RP0=0, select bank0
   157  03AB  0186               	clrf	6	;volatile
   158  03AC                     l542:	
   159                           ;main.c: 56: while(1){
   160                           
   161                           
   162                           ;main.c: 57: PORTBbits.RB0 = 1;
   163  03AC  1406               	bsf	6,0	;volatile
   164                           
   165                           ;main.c: 58: PORTBbits.RB5 = 1;
   166  03AD  1686               	bsf	6,5	;volatile
   167                           
   168                           ;main.c: 59: MCU_Delayms(9000);
   169  03AE  3028               	movlw	40
   170  03AF  008C               	movwf	MCU_Delayms@t
   171  03B0  3023               	movlw	35
   172  03B1  008D               	movwf	MCU_Delayms@t+1
   173  03B2  238E               	fcall	_MCU_Delayms
   174                           
   175                           ;main.c: 60: PORTBbits.RB0 = 0;
   176  03B3  1283               	bcf	3,5	;RP0=0, select bank0
   177  03B4  1006               	bcf	6,0	;volatile
   178                           
   179                           ;main.c: 62: for(count=0; count<10; count++){
   180  03B5  0192               	clrf	_count
   181  03B6  300A               	movlw	10
   182  03B7  0212               	subwf	_count,w
   183  03B8  1803               	btfsc	3,0
   184  03B9  2BD3               	goto	l19
   185  03BA                     l556:	
   186                           
   187                           ;main.c: 63: PORTBbits.RB1 ^= 1;
   188  03BA  0C06               	rrf	6,w	;volatile
   189  03BB  3901               	andlw	1
   190  03BC  0091               	movwf	??_main
   191  03BD  3001               	movlw	1
   192  03BE  0691               	xorwf	??_main,f
   193  03BF  0D91               	rlf	??_main,f
   194  03C0  0806               	movf	6,w	;volatile
   195  03C1  0611               	xorwf	??_main,w
   196  03C2  39FD               	andlw	-3
   197  03C3  0611               	xorwf	??_main,w
   198  03C4  0086               	movwf	6	;volatile
   199                           
   200                           ;main.c: 64: MCU_Delayms(300);
   201  03C5  302C               	movlw	44
   202  03C6  008C               	movwf	MCU_Delayms@t
   203  03C7  3001               	movlw	1
   204  03C8  008D               	movwf	MCU_Delayms@t+1
   205  03C9  238E               	fcall	_MCU_Delayms
   206  03CA  3001               	movlw	1
   207  03CB  1283               	bcf	3,5	;RP0=0, select bank0
   208  03CC  0091               	movwf	??_main
   209  03CD  0811               	movf	??_main,w
   210  03CE  0792               	addwf	_count,f
   211  03CF  300A               	movlw	10
   212  03D0  0212               	subwf	_count,w
   213  03D1  1C03               	skipc
   214  03D2  2BBA               	goto	l556
   215  03D3                     l19:	
   216                           
   217                           ;main.c: 65: }
   218                           ;main.c: 66: PORTBbits.RB5 = 0;
   219  03D3  1286               	bcf	6,5	;volatile
   220                           
   221                           ;main.c: 67: PORTBbits.RB3 = 1;
   222  03D4  1586               	bsf	6,3	;volatile
   223                           
   224                           ;main.c: 68: PORTBbits.RB2 = 1;
   225  03D5  1506               	bsf	6,2	;volatile
   226                           
   227                           ;main.c: 69: MCU_Delayms(9000);
   228  03D6  3028               	movlw	40
   229  03D7  008C               	movwf	MCU_Delayms@t
   230  03D8  3023               	movlw	35
   231  03D9  008D               	movwf	MCU_Delayms@t+1
   232  03DA  238E               	fcall	_MCU_Delayms
   233                           
   234                           ;main.c: 70: PORTBbits.RB3 = 0;
   235  03DB  1283               	bcf	3,5	;RP0=0, select bank0
   236  03DC  1186               	bcf	6,3	;volatile
   237                           
   238                           ;main.c: 72: for(count=0; count<10; count++){
   239  03DD  0192               	clrf	_count
   240  03DE  300A               	movlw	10
   241  03DF  0212               	subwf	_count,w
   242  03E0  1803               	btfsc	3,0
   243  03E1  2BFB               	goto	l21
   244  03E2                     l574:	
   245                           
   246                           ;main.c: 73: PORTBbits.RB4 ^= 1;
   247  03E2  0E06               	swapf	6,w	;volatile
   248  03E3  3901               	andlw	1
   249  03E4  0091               	movwf	??_main
   250  03E5  3001               	movlw	1
   251  03E6  0691               	xorwf	??_main,f
   252  03E7  0E91               	swapf	??_main,f
   253  03E8  0806               	movf	6,w	;volatile
   254  03E9  0611               	xorwf	??_main,w
   255  03EA  39EF               	andlw	-17
   256  03EB  0611               	xorwf	??_main,w
   257  03EC  0086               	movwf	6	;volatile
   258                           
   259                           ;main.c: 74: MCU_Delayms(300);
   260  03ED  302C               	movlw	44
   261  03EE  008C               	movwf	MCU_Delayms@t
   262  03EF  3001               	movlw	1
   263  03F0  008D               	movwf	MCU_Delayms@t+1
   264  03F1  238E               	fcall	_MCU_Delayms
   265  03F2  3001               	movlw	1
   266  03F3  1283               	bcf	3,5	;RP0=0, select bank0
   267  03F4  0091               	movwf	??_main
   268  03F5  0811               	movf	??_main,w
   269  03F6  0792               	addwf	_count,f
   270  03F7  300A               	movlw	10
   271  03F8  0212               	subwf	_count,w
   272  03F9  1C03               	skipc
   273  03FA  2BE2               	goto	l574
   274  03FB                     l21:	
   275                           
   276                           ;main.c: 75: }
   277                           ;main.c: 76: PORTBbits.RB2 = 0;
   278  03FB  1106               	bcf	6,2	;volatile
   279  03FC  2BAC               	goto	l542
   280  03FD                     __end_of_main:	
   281                           
   282                           	psect	text1
   283  038E                     __ptext1:	
   284 ;; *************** function _MCU_Delayms *****************
   285 ;; Defined at:
   286 ;;		line 82 in file "main.c"
   287 ;; Parameters:    Size  Location     Type
   288 ;;  t               2    0[BANK0 ] unsigned int 
   289 ;; Auto vars:     Size  Location     Type
   290 ;;  acc             2    3[BANK0 ] unsigned int 
   291 ;; Return value:  Size  Location     Type
   292 ;;                  1    wreg      void 
   293 ;; Registers used:
   294 ;;		wreg, status,2
   295 ;; Tracked objects:
   296 ;;		On entry : 0/0
   297 ;;		On exit  : 0/0
   298 ;;		Unchanged: 0/0
   299 ;; Data sizes:     COMMON   BANK0
   300 ;;      Params:         0       2
   301 ;;      Locals:         0       2
   302 ;;      Temps:          0       1
   303 ;;      Totals:         0       5
   304 ;;Total ram usage:        5 bytes
   305 ;; Hardware stack levels used:    1
   306 ;; This function calls:
   307 ;;		Nothing
   308 ;; This function is called by:
   309 ;;		_main
   310 ;; This function uses a non-reentrant model
   311 ;;
   312                           
   313                           
   314                           ;psect for function _MCU_Delayms
   315  038E                     _MCU_Delayms:	
   316                           
   317                           ;main.c: 83: unsigned int acc;
   318                           ;main.c: 85: for(acc=0; acc<t; acc++){
   319                           
   320                           ;incstack = 0
   321                           ; Regs used in _MCU_Delayms: [wreg+status,2]
   322  038E  1283               	bcf	3,5	;RP0=0, select bank0
   323  038F  018F               	clrf	MCU_Delayms@acc
   324  0390  0190               	clrf	MCU_Delayms@acc+1
   325  0391                     l27:	
   326  0391  080D               	movf	MCU_Delayms@t+1,w
   327  0392  0210               	subwf	MCU_Delayms@acc+1,w
   328  0393  1D03               	skipz
   329  0394  2B97               	goto	u65
   330  0395  080C               	movf	MCU_Delayms@t,w
   331  0396  020F               	subwf	MCU_Delayms@acc,w
   332  0397                     u65:	
   333  0397  1803               	btfsc	3,0
   334  0398  0008               	return
   335                           
   336                           ;main.c: 86: _delay((unsigned long)((1)*(4000000/4000.0)));
   337  0399  30C7               	movlw	199
   338  039A  008E               	movwf	??_MCU_Delayms
   339  039B                     u117:	
   340  039B  2B9C               	nop2
   341  039C  0B8E               	decfsz	??_MCU_Delayms,f
   342  039D  2B9B               	goto	u117
   343  039E  2B9F               	nop2
   344  039F  2BA0               	nop2
   345  03A0  3001               	movlw	1
   346  03A1  1283               	bcf	3,5	;RP0=0, select bank0
   347  03A2  078F               	addwf	MCU_Delayms@acc,f
   348  03A3  1803               	skipnc
   349  03A4  0A90               	incf	MCU_Delayms@acc+1,f
   350  03A5  3000               	movlw	0
   351  03A6  0790               	addwf	MCU_Delayms@acc+1,f
   352  03A7  2B91               	goto	l27
   353  03A8                     __end_of_MCU_Delayms:	
   354  004E                     btemp	set	78	;btemp
   355  004E                     wtemp0	set	78


Data Sizes:
    Strings     0
    Constant    0
    Data        0
    BSS         1
    Persistent  0
    Stack       0

Auto Spaces:
    Space          Size  Autos    Used
    COMMON            0      0       0
    BANK0            66      6       7

Pointer List with Targets:

    None.

Critical Paths under _main in COMMON

    None.

Critical Paths under _main in BANK0

    _main->_MCU_Delayms

Call Graph Tables:

 ---------------------------------------------------------------------------------
 (Depth) Function   	        Calls       Base Space   Used Autos Params    Refs
 ---------------------------------------------------------------------------------
 (0) _main                                                 1     1      0     258
                                              5 BANK0      1     1      0
                        _MCU_Delayms
 ---------------------------------------------------------------------------------
 (1) _MCU_Delayms                                          5     3      2     258
                                              0 BANK0      5     3      2
 ---------------------------------------------------------------------------------
 Estimated maximum stack depth 1
 ---------------------------------------------------------------------------------

 Call Graph Graphs:

 _main (ROOT)
   _MCU_Delayms

 Address spaces:
Name               Size   Autos  Total    Cost      Usage
BITCOMMON            0      0       0       0        0.0%
EEDATA              40      0       0       0        0.0%
NULL                 0      0       0       0        0.0%
CODE                 0      0       0       0        0.0%
BITSFR0              0      0       0       1        0.0%
SFR0                 0      0       0       1        0.0%
COMMON               0      0       0       1        0.0%
BITSFR1              0      0       0       2        0.0%
SFR1                 0      0       0       2        0.0%
STACK                0      0       0       2        0.0%
BANK0               42      6       7       3       10.6%
ABS                  0      0       7       4        0.0%
BITBANK0            42      0       0       5        0.0%
DATA                 0      0       7       6        0.0%


Microchip Technology PIC Macro Assembler V1.42 build -159332390 
Symbol Table                                                                                   Sun Aug 16 01:38:56 2020

            __CFG_CP$OFF 0000                       l21 03FB                       l27 0391  
                     l19 03D3                       u65 0397                      l542 03AC  
                    l556 03BA                      l574 03E2                      u117 039B  
           __CFG_FOSC$XT 0000                     _main 03A8                     btemp 004E  
                   start 0000                    ?_main 000C            __CFG_WDTE$OFF 0000  
                  _PORTB 0006                    _TRISB 0086             ?_MCU_Delayms 000C  
          __CFG_PWRTE$ON 0000                    _count 0012                    status 0003  
                  wtemp0 004E          __initialization 03FD             __end_of_main 03FD  
                 ??_main 0011  __end_of__initialization 03FE     __size_of_MCU_Delayms 001A  
             __pbssBANK0 0012               __pmaintext 03A8                  __ptext1 038E  
   end_of_initialization 03FE             MCU_Delayms@t 000C                _PORTBbits 0006  
    start_initialization 03FD            ??_MCU_Delayms 000E                ___latbits 0000  
          __pcstackBANK0 000C      __end_of_MCU_Delayms 03A8           MCU_Delayms@acc 000F  
            _MCU_Delayms 038E            __size_of_main 0055  
